2025-3-6 14:22:28-debug: start **** info
2025-3-6 14:22:29-debug: asset-db:require-engine-code (1179ms)
2025-3-6 14:22:28-log: Cannot access game frame or container.
2025-3-6 14:22:29-log: meshopt wasm decoder initialized
2025-3-6 14:22:29-log: [bullet]:bullet wasm lib loaded.
2025-3-6 14:22:29-log: [box2d]:box2d wasm lib loaded.
2025-3-6 14:22:29-log: Cocos Creator v3.8.5
2025-3-6 14:22:29-log: Using legacy pipeline
2025-3-6 14:22:29-log: Forward render pipeline initialized.
2025-3-6 14:22:29-debug: [Assets Memory track]: asset-db:worker-init: initEngine start:30.98MB, end 79.16MB, increase: 48.17MB
2025-3-6 14:22:29-debug: [Assets Memory track]: asset-db-plugin-register: programming start:79.99MB, end 82.20MB, increase: 2.22MB
2025-3-6 14:22:30-debug: [Assets Memory track]: asset-db-plugin-register: project start:79.85MB, end 175.90MB, increase: 96.05MB
2025-3-6 14:22:30-debug: [Assets Memory track]: asset-db:worker-init: initPlugin start:79.18MB, end 175.93MB, increase: 96.75MB
2025-3-6 14:22:30-debug: [Assets Memory track]: asset-db-plugin-register: engine-extends start:172.97MB, end 175.84MB, increase: 2.87MB
2025-3-6 14:22:30-debug: [Assets Memory track]: asset-db-plugin-register: builder start:82.23MB, end 172.75MB, increase: 90.52MB
2025-3-6 14:22:30-debug: asset-db:worker-init: initPlugin (1005ms)
2025-3-6 14:22:30-debug: Run asset db hook programming:beforePreStart ...
2025-3-6 14:22:30-debug: [Assets Memory track]: asset-db:worker-init start:30.97MB, end 176.04MB, increase: 145.07MB
2025-3-6 14:22:30-debug: Run asset db hook engine-extends:beforePreStart success!
2025-3-6 14:22:30-debug: Run asset db hook programming:beforePreStart success!
2025-3-6 14:22:30-debug: Run asset db hook engine-extends:beforePreStart ...
2025-3-6 14:22:30-debug: asset-db:worker-init (2306ms)
2025-3-6 14:22:30-debug: asset-db-hook-programming-beforePreStart (53ms)
2025-3-6 14:22:30-debug: asset-db-hook-engine-extends-beforePreStart (54ms)
2025-3-6 14:22:30-debug: Preimport db internal success
2025-3-6 14:22:30-debug: Run asset db hook programming:afterPreStart ...
2025-3-6 14:22:30-debug: Preimport db assets success
2025-3-6 14:22:30-debug: starting packer-driver...
2025-3-6 14:22:30-debug: initialize scripting environment...
2025-3-6 14:22:30-debug: [[Executor]] prepare before lock
2025-3-6 14:22:30-debug: Set detail map pack:///resolution-detail-map.json: {}
2025-3-6 14:22:30-debug: [[Executor]] prepare after unlock
2025-3-6 14:22:30-debug: Run asset db hook programming:afterPreStart success!
2025-3-6 14:22:30-debug: Run asset db hook engine-extends:afterPreStart success!
2025-3-6 14:22:30-debug: Run asset db hook engine-extends:afterPreStart ...
2025-3-6 14:22:30-debug: Start up the 'internal' database...
2025-3-6 14:22:31-debug: asset-db-hook-programming-afterPreStart (787ms)
2025-3-6 14:22:31-debug: asset-db-hook-engine-extends-afterPreStart (259ms)
2025-3-6 14:22:31-debug: asset-db:worker-effect-data-processing (259ms)
2025-3-6 14:22:31-debug: [Assets Memory track]: asset-db:worker-startup-database[internal] start:176.14MB, end 191.09MB, increase: 14.95MB
2025-3-6 14:22:31-debug: Start up the 'assets' database...
2025-3-6 14:22:31-debug: asset-db:worker-startup-database[internal] (922ms)
2025-3-6 14:22:31-debug: [Assets Memory track]: asset-db:worker-startup-database[assets] start:175.65MB, end 188.57MB, increase: 12.92MB
2025-3-6 14:22:31-debug: [Assets Memory track]: asset-db:worker-init: startup start:176.89MB, end 188.58MB, increase: 11.69MB
2025-3-6 14:22:31-debug: lazy register asset handler *
2025-3-6 14:22:31-debug: lazy register asset handler text
2025-3-6 14:22:31-debug: lazy register asset handler json
2025-3-6 14:22:31-debug: lazy register asset handler dragonbones
2025-3-6 14:22:31-debug: lazy register asset handler spine-data
2025-3-6 14:22:31-debug: lazy register asset handler dragonbones-atlas
2025-3-6 14:22:31-debug: lazy register asset handler directory
2025-3-6 14:22:31-debug: lazy register asset handler terrain
2025-3-6 14:22:31-debug: lazy register asset handler typescript
2025-3-6 14:22:31-debug: lazy register asset handler scene
2025-3-6 14:22:31-debug: lazy register asset handler prefab
2025-3-6 14:22:31-debug: lazy register asset handler sprite-frame
2025-3-6 14:22:31-debug: lazy register asset handler javascript
2025-3-6 14:22:31-debug: lazy register asset handler buffer
2025-3-6 14:22:31-debug: lazy register asset handler tiled-map
2025-3-6 14:22:31-debug: lazy register asset handler texture
2025-3-6 14:22:31-debug: lazy register asset handler alpha-image
2025-3-6 14:22:31-debug: lazy register asset handler image
2025-3-6 14:22:31-debug: lazy register asset handler texture-cube
2025-3-6 14:22:31-debug: lazy register asset handler erp-texture-cube
2025-3-6 14:22:31-debug: lazy register asset handler texture-cube-face
2025-3-6 14:22:31-debug: lazy register asset handler render-texture
2025-3-6 14:22:31-debug: lazy register asset handler sign-image
2025-3-6 14:22:31-debug: lazy register asset handler gltf
2025-3-6 14:22:31-debug: lazy register asset handler gltf-animation
2025-3-6 14:22:31-debug: lazy register asset handler gltf-skeleton
2025-3-6 14:22:31-debug: lazy register asset handler gltf-material
2025-3-6 14:22:31-debug: lazy register asset handler gltf-mesh
2025-3-6 14:22:31-debug: lazy register asset handler gltf-scene
2025-3-6 14:22:31-debug: lazy register asset handler gltf-embeded-image
2025-3-6 14:22:31-debug: lazy register asset handler material
2025-3-6 14:22:31-debug: lazy register asset handler rt-sprite-frame
2025-3-6 14:22:31-debug: lazy register asset handler physics-material
2025-3-6 14:22:31-debug: lazy register asset handler audio-clip
2025-3-6 14:22:31-debug: lazy register asset handler effect-header
2025-3-6 14:22:31-debug: lazy register asset handler effect
2025-3-6 14:22:31-debug: lazy register asset handler animation-graph
2025-3-6 14:22:31-debug: lazy register asset handler animation-clip
2025-3-6 14:22:31-debug: lazy register asset handler animation-mask
2025-3-6 14:22:31-debug: lazy register asset handler fbx
2025-3-6 14:22:31-debug: lazy register asset handler ttf-font
2025-3-6 14:22:31-debug: lazy register asset handler animation-graph-variant
2025-3-6 14:22:31-debug: lazy register asset handler bitmap-font
2025-3-6 14:22:31-debug: lazy register asset handler sprite-atlas
2025-3-6 14:22:31-debug: lazy register asset handler auto-atlas
2025-3-6 14:22:31-debug: lazy register asset handler label-atlas
2025-3-6 14:22:31-debug: lazy register asset handler render-pipeline
2025-3-6 14:22:31-debug: lazy register asset handler particle
2025-3-6 14:22:31-debug: lazy register asset handler render-stage
2025-3-6 14:22:31-debug: lazy register asset handler instantiation-material
2025-3-6 14:22:31-debug: lazy register asset handler instantiation-skeleton
2025-3-6 14:22:31-debug: lazy register asset handler render-flow
2025-3-6 14:22:31-debug: lazy register asset handler instantiation-mesh
2025-3-6 14:22:31-debug: lazy register asset handler instantiation-animation
2025-3-6 14:22:31-debug: lazy register asset handler video-clip
2025-3-6 14:22:31-debug: asset-db:worker-startup-database[assets] (886ms)
2025-3-6 14:22:31-debug: asset-db:start-database (966ms)
2025-3-6 14:22:31-debug: asset-db:ready (5427ms)
2025-3-6 14:22:31-debug: init worker message success
2025-3-6 14:22:31-debug: programming:execute-script (3ms)
2025-3-6 14:22:31-debug: [Build Memory track]: builder:worker-init start:192.34MB, end 201.63MB, increase: 9.29MB
2025-3-6 14:22:31-debug: builder:worker-init (326ms)
2025-3-6 14:22:59-debug: start **** info
2025-3-6 14:22:59-log: Cannot access game frame or container.
2025-3-6 14:23:01-debug: asset-db:require-engine-code (1624ms)
2025-3-6 14:23:01-log: meshopt wasm decoder initialized
2025-3-6 14:23:01-log: [bullet]:bullet wasm lib loaded.
2025-3-6 14:23:01-log: [box2d]:box2d wasm lib loaded.
2025-3-6 14:23:01-log: Cocos Creator v3.8.5
2025-3-6 14:23:01-log: Using legacy pipeline
2025-3-6 14:23:01-log: Forward render pipeline initialized.
2025-3-6 14:23:01-debug: [Assets Memory track]: asset-db:worker-init: initEngine start:33.20MB, end 78.93MB, increase: 45.73MB
2025-3-6 14:23:02-debug: [Assets Memory track]: asset-db-plugin-register: builder start:81.75MB, end 178.41MB, increase: 96.66MB
2025-3-6 14:23:02-debug: [Assets Memory track]: asset-db-plugin-register: engine-extends start:172.40MB, end 175.27MB, increase: 2.87MB
2025-3-6 14:23:01-debug: [Assets Memory track]: asset-db-plugin-register: programming start:79.76MB, end 81.72MB, increase: 1.96MB
2025-3-6 14:23:02-debug: [Assets Memory track]: asset-db:worker-init: initPlugin start:78.95MB, end 175.37MB, increase: 96.41MB
2025-3-6 14:23:02-debug: [Assets Memory track]: asset-db-plugin-register: project start:79.63MB, end 175.34MB, increase: 95.71MB
2025-3-6 14:23:02-debug: asset-db:worker-init: initPlugin (1299ms)
2025-3-6 14:23:02-debug: Run asset db hook programming:beforePreStart success!
2025-3-6 14:23:02-debug: [Assets Memory track]: asset-db:worker-init start:33.19MB, end 175.47MB, increase: 142.27MB
2025-3-6 14:23:02-debug: Run asset db hook engine-extends:beforePreStart ...
2025-3-6 14:23:02-debug: Run asset db hook programming:beforePreStart ...
2025-3-6 14:23:02-debug: Run asset db hook engine-extends:beforePreStart success!
2025-3-6 14:23:02-debug: asset-db:worker-init (3162ms)
2025-3-6 14:23:02-debug: asset-db-hook-programming-beforePreStart (75ms)
2025-3-6 14:23:02-debug: asset-db-hook-engine-extends-beforePreStart (75ms)
2025-3-6 14:23:02-debug: Preimport db internal success
2025-3-6 14:23:02-debug: Preimport db assets success
2025-3-6 14:23:02-debug: Run asset db hook programming:afterPreStart ...
2025-3-6 14:23:02-debug: starting packer-driver...
2025-3-6 14:23:03-debug: initialize scripting environment...
2025-3-6 14:23:03-debug: [[Executor]] prepare before lock
2025-3-6 14:23:03-debug: Set detail map pack:///resolution-detail-map.json: {}
2025-3-6 14:23:03-debug: Run asset db hook programming:afterPreStart success!
2025-3-6 14:23:03-debug: Run asset db hook engine-extends:afterPreStart success!
2025-3-6 14:23:03-debug: [[Executor]] prepare after unlock
2025-3-6 14:23:03-debug: Run asset db hook engine-extends:afterPreStart ...
2025-3-6 14:23:03-debug: Start up the 'internal' database...
2025-3-6 14:23:03-debug: asset-db:worker-effect-data-processing (318ms)
2025-3-6 14:23:03-debug: asset-db-hook-programming-afterPreStart (799ms)
2025-3-6 14:23:03-debug: asset-db-hook-engine-extends-afterPreStart (319ms)
2025-3-6 14:23:03-debug: [Assets Memory track]: asset-db:worker-startup-database[internal] start:175.56MB, end 190.51MB, increase: 14.95MB
2025-3-6 14:23:03-debug: Start up the 'assets' database...
2025-3-6 14:23:03-debug: asset-db:worker-startup-database[internal] (1013ms)
2025-3-6 14:23:03-debug: [Assets Memory track]: asset-db:worker-init: startup start:176.24MB, end 188.07MB, increase: 11.84MB
2025-3-6 14:23:03-debug: [Assets Memory track]: asset-db:worker-startup-database[assets] start:175.08MB, end 188.06MB, increase: 12.97MB
2025-3-6 14:23:03-debug: lazy register asset handler directory
2025-3-6 14:23:03-debug: lazy register asset handler *
2025-3-6 14:23:03-debug: lazy register asset handler json
2025-3-6 14:23:03-debug: lazy register asset handler spine-data
2025-3-6 14:23:03-debug: lazy register asset handler dragonbones
2025-3-6 14:23:03-debug: lazy register asset handler text
2025-3-6 14:23:03-debug: lazy register asset handler dragonbones-atlas
2025-3-6 14:23:03-debug: lazy register asset handler terrain
2025-3-6 14:23:03-debug: lazy register asset handler typescript
2025-3-6 14:23:03-debug: lazy register asset handler scene
2025-3-6 14:23:03-debug: lazy register asset handler javascript
2025-3-6 14:23:03-debug: lazy register asset handler tiled-map
2025-3-6 14:23:03-debug: lazy register asset handler prefab
2025-3-6 14:23:03-debug: lazy register asset handler buffer
2025-3-6 14:23:03-debug: lazy register asset handler image
2025-3-6 14:23:03-debug: lazy register asset handler alpha-image
2025-3-6 14:23:03-debug: lazy register asset handler sprite-frame
2025-3-6 14:23:03-debug: lazy register asset handler sign-image
2025-3-6 14:23:03-debug: lazy register asset handler texture
2025-3-6 14:23:03-debug: lazy register asset handler texture-cube
2025-3-6 14:23:03-debug: lazy register asset handler render-texture
2025-3-6 14:23:03-debug: lazy register asset handler rt-sprite-frame
2025-3-6 14:23:03-debug: lazy register asset handler gltf
2025-3-6 14:23:03-debug: lazy register asset handler erp-texture-cube
2025-3-6 14:23:03-debug: lazy register asset handler texture-cube-face
2025-3-6 14:23:03-debug: lazy register asset handler gltf-mesh
2025-3-6 14:23:03-debug: lazy register asset handler gltf-animation
2025-3-6 14:23:03-debug: lazy register asset handler gltf-material
2025-3-6 14:23:03-debug: lazy register asset handler gltf-skeleton
2025-3-6 14:23:03-debug: lazy register asset handler fbx
2025-3-6 14:23:03-debug: lazy register asset handler gltf-embeded-image
2025-3-6 14:23:03-debug: lazy register asset handler material
2025-3-6 14:23:03-debug: lazy register asset handler gltf-scene
2025-3-6 14:23:03-debug: lazy register asset handler effect
2025-3-6 14:23:03-debug: lazy register asset handler physics-material
2025-3-6 14:23:03-debug: lazy register asset handler effect-header
2025-3-6 14:23:03-debug: lazy register asset handler audio-clip
2025-3-6 14:23:03-debug: lazy register asset handler animation-graph-variant
2025-3-6 14:23:03-debug: lazy register asset handler animation-clip
2025-3-6 14:23:03-debug: lazy register asset handler animation-graph
2025-3-6 14:23:03-debug: lazy register asset handler animation-mask
2025-3-6 14:23:03-debug: lazy register asset handler ttf-font
2025-3-6 14:23:03-debug: lazy register asset handler particle
2025-3-6 14:23:03-debug: lazy register asset handler bitmap-font
2025-3-6 14:23:03-debug: lazy register asset handler auto-atlas
2025-3-6 14:23:03-debug: lazy register asset handler label-atlas
2025-3-6 14:23:03-debug: lazy register asset handler sprite-atlas
2025-3-6 14:23:03-debug: lazy register asset handler render-stage
2025-3-6 14:23:03-debug: lazy register asset handler render-pipeline
2025-3-6 14:23:03-debug: lazy register asset handler instantiation-material
2025-3-6 14:23:03-debug: lazy register asset handler render-flow
2025-3-6 14:23:03-debug: lazy register asset handler instantiation-mesh
2025-3-6 14:23:03-debug: lazy register asset handler instantiation-skeleton
2025-3-6 14:23:03-debug: lazy register asset handler instantiation-animation
2025-3-6 14:23:03-debug: lazy register asset handler video-clip
2025-3-6 14:23:03-debug: asset-db:worker-startup-database[assets] (939ms)
2025-3-6 14:23:03-debug: asset-db:start-database (1071ms)
2025-3-6 14:23:03-debug: init worker message success
2025-3-6 14:23:03-debug: asset-db:ready (7045ms)
2025-3-6 14:23:03-debug: programming:execute-script (2ms)
2025-3-6 14:23:04-debug: [Build Memory track]: builder:worker-init start:191.92MB, end 201.03MB, increase: 9.10MB
2025-3-6 14:23:04-debug: builder:worker-init (433ms)
2025-3-6 14:23:31-debug: Query all assets info in project
2025-3-6 14:23:31-debug: init custom config: keepNodeUuid: false, useCache: true
2025-3-6 14:23:31-debug: // ---- build task 查询 Asset Bundle ----
2025-3-6 14:23:31-debug: 查询 Asset Bundle start, progress: 0%
2025-3-6 14:23:31-debug:   Number of all scripts: 11
2025-3-6 14:23:31-debug:   Number of other assets: 549
2025-3-6 14:23:31-debug: Query preload assets/scripts from cc.config.json: 60f7195c-ec2a-45eb-ba94-8955f60e81d0,1c02ae6f-4492-4915-b8f8-7492a3b1e4cd,810e96e4-e456-4468-9b59-f4e8f39732c0,efe8e2a3-eace-427b-b4f1-cb8a937ec77d,e9aa9a3e-5b2b-4ac7-a2c7-073de2b2b24f,8bbdbcdd-5cd4-4100-b6d5-b7c9625b6107,50f4348b-c883-4e2f-8f11-ce233b859fa1,fda095cb-831d-4601-ad94-846013963de8,f92806d7-1768-443f-afe8-12bcde84d0f0,dd3a144d-ab7f-41f0-82b8-2e43a090d496,f0416e68-0200-4b77-a926-4f9d16e494da,970b0598-bcb0-4714-91fb-2e81440dccd8,bcd64cc6-2dd9-43f6-abbe-66318d332032,d930590d-bb92-4cc8-8bd1-23cd027f9edf,a3cd009f-0ab0-420d-9278-b9fdab939bbc,6a2d0734-bd9e-4ddf-946e-caa52498cb75,c27215d8-6835-4b68-bfbb-bdeac6100c04,b5d6115f-0370-4d7c-aad3-c194cc71cf98,871c3b6c-7379-419d-bda3-794b239ab90d,ff9b0199-ce04-4cfe-86cc-6c719f08d6e4,de1c2107-70c8-4021-8459-6399f24d01c6,cbf30902-517f-40dc-af90-a550bac27cf1
2025-3-6 14:23:31-debug:   Number of all scenes: 1
2025-3-6 14:23:31-debug: run build task 查询 Asset Bundle success in 2 ms√, progress: 5%
2025-3-6 14:23:31-debug: // ---- build task 查询 Asset Bundle ---- (2ms)
2025-3-6 14:23:31-debug: // ---- build task 查询 Asset Bundle ----
2025-3-6 14:23:31-debug: [Build Memory track]: 查询 Asset Bundle start:164.81MB, end 164.68MB, increase: -125.69KB
2025-3-6 14:23:31-debug: 查询 Asset Bundle start, progress: 5%
2025-3-6 14:23:31-debug: // ---- build task 查询 Asset Bundle ---- (-1ms)
2025-3-6 14:23:31-debug: 整理部分构建选项内数据到 settings.json start, progress: 10%
2025-3-6 14:23:31-debug: run build task 查询 Asset Bundle success in -1 h -1 min -1 s√, progress: 10%
2025-3-6 14:23:31-debug: [Build Memory track]: 查询 Asset Bundle start:164.72MB, end 164.84MB, increase: 124.83KB
2025-3-6 14:23:31-debug: // ---- build task 整理部分构建选项内数据到 settings.json ----
2025-3-6 14:23:31-debug: // ---- build task 整理部分构建选项内数据到 settings.json ---- (-2ms)
2025-3-6 14:23:31-debug: 填充脚本数据到 settings.json start, progress: 12%
2025-3-6 14:23:31-debug: run build task 整理部分构建选项内数据到 settings.json success in -1 h -1 min -1 s√, progress: 12%
2025-3-6 14:23:31-debug: // ---- build task 填充脚本数据到 settings.json ----
2025-3-6 14:23:31-debug: [Build Memory track]: 整理部分构建选项内数据到 settings.json start:164.88MB, end 164.91MB, increase: 30.79KB
2025-3-6 14:23:31-debug: [Build Memory track]: 填充脚本数据到 settings.json start:164.95MB, end 164.98MB, increase: 32.70KB
2025-3-6 14:23:31-debug: // ---- build task 填充脚本数据到 settings.json ---- (-2ms)
2025-3-6 14:23:31-debug: run build task 填充脚本数据到 settings.json success in -1 h -1 min -1 s√, progress: 13%
2025-3-6 14:23:31-debug: 整理部分构建选项内数据到 settings.json start, progress: 13%
2025-3-6 14:23:31-debug: // ---- build task 整理部分构建选项内数据到 settings.json ----
2025-3-6 14:23:31-debug: // ---- build task 整理部分构建选项内数据到 settings.json ---- (-1ms)
2025-3-6 14:23:31-debug: run build task 整理部分构建选项内数据到 settings.json success in -1 h -1 min -1 s√, progress: 15%
2025-3-6 14:23:31-debug: [Build Memory track]: 整理部分构建选项内数据到 settings.json start:165.02MB, end 165.17MB, increase: 155.71KB
2025-3-6 14:23:31-debug: Query all assets info in project
2025-3-6 14:23:31-debug: Query all assets info in project
2025-3-6 14:23:31-debug: init custom config: keepNodeUuid: false, useCache: true
2025-3-6 14:23:31-debug: init custom config: keepNodeUuid: false, useCache: true
2025-3-6 14:23:31-debug: 查询 Asset Bundle start, progress: 0%
2025-3-6 14:23:31-debug: 查询 Asset Bundle start, progress: 0%
2025-3-6 14:23:31-debug: // ---- build task 查询 Asset Bundle ----
2025-3-6 14:23:31-debug: // ---- build task 查询 Asset Bundle ----
2025-3-6 14:23:31-debug: Query preload assets/scripts from cc.config.json: 60f7195c-ec2a-45eb-ba94-8955f60e81d0,1c02ae6f-4492-4915-b8f8-7492a3b1e4cd,810e96e4-e456-4468-9b59-f4e8f39732c0,efe8e2a3-eace-427b-b4f1-cb8a937ec77d,e9aa9a3e-5b2b-4ac7-a2c7-073de2b2b24f,8bbdbcdd-5cd4-4100-b6d5-b7c9625b6107,50f4348b-c883-4e2f-8f11-ce233b859fa1,fda095cb-831d-4601-ad94-846013963de8,f92806d7-1768-443f-afe8-12bcde84d0f0,dd3a144d-ab7f-41f0-82b8-2e43a090d496,f0416e68-0200-4b77-a926-4f9d16e494da,970b0598-bcb0-4714-91fb-2e81440dccd8,bcd64cc6-2dd9-43f6-abbe-66318d332032,d930590d-bb92-4cc8-8bd1-23cd027f9edf,a3cd009f-0ab0-420d-9278-b9fdab939bbc,6a2d0734-bd9e-4ddf-946e-caa52498cb75,c27215d8-6835-4b68-bfbb-bdeac6100c04,b5d6115f-0370-4d7c-aad3-c194cc71cf98,871c3b6c-7379-419d-bda3-794b239ab90d,ff9b0199-ce04-4cfe-86cc-6c719f08d6e4,de1c2107-70c8-4021-8459-6399f24d01c6,cbf30902-517f-40dc-af90-a550bac27cf1
2025-3-6 14:23:31-debug:   Number of other assets: 549
2025-3-6 14:23:31-debug:   Number of all scenes: 1
2025-3-6 14:23:31-debug:   Number of all scripts: 11
2025-3-6 14:23:31-debug: run build task 查询 Asset Bundle success in √, progress: 5%
2025-3-6 14:23:31-debug: [Build Memory track]: 查询 Asset Bundle start:165.07MB, end 164.88MB, increase: -188.99KB
2025-3-6 14:23:31-debug: 查询 Asset Bundle start, progress: 5%
2025-3-6 14:23:31-debug: // ---- build task 查询 Asset Bundle ----
2025-3-6 14:23:31-debug: Query preload assets/scripts from cc.config.json: 60f7195c-ec2a-45eb-ba94-8955f60e81d0,1c02ae6f-4492-4915-b8f8-7492a3b1e4cd,810e96e4-e456-4468-9b59-f4e8f39732c0,efe8e2a3-eace-427b-b4f1-cb8a937ec77d,e9aa9a3e-5b2b-4ac7-a2c7-073de2b2b24f,8bbdbcdd-5cd4-4100-b6d5-b7c9625b6107,50f4348b-c883-4e2f-8f11-ce233b859fa1,fda095cb-831d-4601-ad94-846013963de8,f92806d7-1768-443f-afe8-12bcde84d0f0,dd3a144d-ab7f-41f0-82b8-2e43a090d496,f0416e68-0200-4b77-a926-4f9d16e494da,970b0598-bcb0-4714-91fb-2e81440dccd8,bcd64cc6-2dd9-43f6-abbe-66318d332032,d930590d-bb92-4cc8-8bd1-23cd027f9edf,a3cd009f-0ab0-420d-9278-b9fdab939bbc,6a2d0734-bd9e-4ddf-946e-caa52498cb75,c27215d8-6835-4b68-bfbb-bdeac6100c04,b5d6115f-0370-4d7c-aad3-c194cc71cf98,871c3b6c-7379-419d-bda3-794b239ab90d,ff9b0199-ce04-4cfe-86cc-6c719f08d6e4,de1c2107-70c8-4021-8459-6399f24d01c6,cbf30902-517f-40dc-af90-a550bac27cf1
2025-3-6 14:23:31-debug:   Number of all scenes: 1
2025-3-6 14:23:31-debug:   Number of all scripts: 11
2025-3-6 14:23:31-debug:   Number of other assets: 549
2025-3-6 14:23:31-debug: // ---- build task 查询 Asset Bundle ---- (-1ms)
2025-3-6 14:23:31-debug: run build task 查询 Asset Bundle success in -1 h -1 min -1 s√, progress: 5%
2025-3-6 14:23:31-debug: 查询 Asset Bundle start, progress: 5%
2025-3-6 14:23:31-debug: [Build Memory track]: 查询 Asset Bundle start:164.92MB, end 164.94MB, increase: 17.54KB
2025-3-6 14:23:31-debug: // ---- build task 查询 Asset Bundle ----
2025-3-6 14:23:31-debug: run build task 查询 Asset Bundle success in -1 h -1 min -1 s√, progress: 10%
2025-3-6 14:23:31-debug: // ---- build task 查询 Asset Bundle ---- (-3ms)
2025-3-6 14:23:31-debug: [Build Memory track]: 查询 Asset Bundle start:164.97MB, end 165.01MB, increase: 36.99KB
2025-3-6 14:23:31-debug: 整理部分构建选项内数据到 settings.json start, progress: 10%
2025-3-6 14:23:31-debug: // ---- build task 整理部分构建选项内数据到 settings.json ----
2025-3-6 14:23:31-debug: // ---- build task 整理部分构建选项内数据到 settings.json ---- (-2ms)
2025-3-6 14:23:31-debug: run build task 整理部分构建选项内数据到 settings.json success in -1 h -1 min -1 s√, progress: 12%
2025-3-6 14:23:31-debug: [Build Memory track]: 整理部分构建选项内数据到 settings.json start:165.06MB, end 165.16MB, increase: 106.44KB
2025-3-6 14:23:31-debug: 填充脚本数据到 settings.json start, progress: 12%
2025-3-6 14:23:31-debug: // ---- build task 填充脚本数据到 settings.json ----
2025-3-6 14:23:31-debug: [Build Memory track]: 填充脚本数据到 settings.json start:165.20MB, end 165.23MB, increase: 35.75KB
2025-3-6 14:23:31-debug: run build task 填充脚本数据到 settings.json success in -1 h -1 min -1 s√, progress: 13%
2025-3-6 14:23:31-debug: // ---- build task 填充脚本数据到 settings.json ---- (-3ms)
2025-3-6 14:23:31-debug: 整理部分构建选项内数据到 settings.json start, progress: 13%
2025-3-6 14:23:31-debug: // ---- build task 整理部分构建选项内数据到 settings.json ----
2025-3-6 14:23:31-debug: 整理部分构建选项内数据到 settings.json start, progress: 10%
2025-3-6 14:23:31-debug: run build task 查询 Asset Bundle success in √, progress: 10%
2025-3-6 14:23:31-debug: // ---- build task 整理部分构建选项内数据到 settings.json ----
2025-3-6 14:23:31-debug: // ---- build task 整理部分构建选项内数据到 settings.json ---- (-3ms)
2025-3-6 14:23:31-debug: [Build Memory track]: 整理部分构建选项内数据到 settings.json start:165.31MB, end 165.35MB, increase: 35.48KB
2025-3-6 14:23:31-debug: run build task 整理部分构建选项内数据到 settings.json success in -1 h -1 min -1 s√, progress: 12%
2025-3-6 14:23:31-debug: 填充脚本数据到 settings.json start, progress: 12%
2025-3-6 14:23:31-debug: // ---- build task 填充脚本数据到 settings.json ----
2025-3-6 14:23:31-debug: // ---- build task 填充脚本数据到 settings.json ---- (-2ms)
2025-3-6 14:23:31-debug: run build task 填充脚本数据到 settings.json success in -1 h -1 min -1 s√, progress: 13%
2025-3-6 14:23:31-debug: 整理部分构建选项内数据到 settings.json start, progress: 13%
2025-3-6 14:23:31-debug: [Build Memory track]: 填充脚本数据到 settings.json start:165.39MB, end 165.42MB, increase: 33.84KB
2025-3-6 14:23:31-debug: // ---- build task 整理部分构建选项内数据到 settings.json ----
2025-3-6 14:23:31-debug: // ---- build task 整理部分构建选项内数据到 settings.json ---- (-1ms)
2025-3-6 14:23:31-debug: [Build Memory track]: 整理部分构建选项内数据到 settings.json start:165.46MB, end 165.60MB, increase: 140.78KB
2025-3-6 14:23:31-debug: run build task 整理部分构建选项内数据到 settings.json success in -1 h -1 min -1 s√, progress: 15%
2025-3-6 14:23:31-debug: run build task 整理部分构建选项内数据到 settings.json success in √, progress: 15%
2025-3-6 14:24:20-debug: refresh db internal success
2025-3-6 14:24:20-debug: %cImport%c: G:\Cocos\KillGrass\PlayableMowGame\PlayableMowGame\assets\scripts\GameManager.tsbackground: #aaff85; color: #000;color: #000;
2025-3-6 14:24:20-debug: refresh db assets success
2025-3-6 14:24:20-debug: Run asset db hook engine-extends:afterRefresh success!
2025-3-6 14:24:20-debug: Run asset db hook engine-extends:afterRefresh ...
2025-3-6 14:24:20-debug: asset-db:refresh-all-database (71ms)
2025-3-6 14:24:20-debug: asset-db-hook-engine-extends-afterRefresh (1ms)
2025-3-6 14:24:21-debug: Query all assets info in project
2025-3-6 14:24:21-debug: init custom config: keepNodeUuid: false, useCache: true
2025-3-6 14:24:21-debug: 查询 Asset Bundle start, progress: 0%
2025-3-6 14:24:21-debug: // ---- build task 查询 Asset Bundle ----
2025-3-6 14:24:21-debug:   Number of all scenes: 1
2025-3-6 14:24:21-debug: Query preload assets/scripts from cc.config.json: 60f7195c-ec2a-45eb-ba94-8955f60e81d0,1c02ae6f-4492-4915-b8f8-7492a3b1e4cd,810e96e4-e456-4468-9b59-f4e8f39732c0,efe8e2a3-eace-427b-b4f1-cb8a937ec77d,e9aa9a3e-5b2b-4ac7-a2c7-073de2b2b24f,8bbdbcdd-5cd4-4100-b6d5-b7c9625b6107,50f4348b-c883-4e2f-8f11-ce233b859fa1,fda095cb-831d-4601-ad94-846013963de8,f92806d7-1768-443f-afe8-12bcde84d0f0,dd3a144d-ab7f-41f0-82b8-2e43a090d496,f0416e68-0200-4b77-a926-4f9d16e494da,970b0598-bcb0-4714-91fb-2e81440dccd8,bcd64cc6-2dd9-43f6-abbe-66318d332032,d930590d-bb92-4cc8-8bd1-23cd027f9edf,a3cd009f-0ab0-420d-9278-b9fdab939bbc,6a2d0734-bd9e-4ddf-946e-caa52498cb75,c27215d8-6835-4b68-bfbb-bdeac6100c04,b5d6115f-0370-4d7c-aad3-c194cc71cf98,871c3b6c-7379-419d-bda3-794b239ab90d,ff9b0199-ce04-4cfe-86cc-6c719f08d6e4,de1c2107-70c8-4021-8459-6399f24d01c6,cbf30902-517f-40dc-af90-a550bac27cf1
2025-3-6 14:24:21-debug:   Number of all scripts: 11
2025-3-6 14:24:21-debug:   Number of other assets: 549
2025-3-6 14:24:21-debug: run build task 查询 Asset Bundle success in 3 ms√, progress: 5%
2025-3-6 14:24:21-debug: // ---- build task 查询 Asset Bundle ---- (3ms)
2025-3-6 14:24:21-debug: [Build Memory track]: 查询 Asset Bundle start:167.29MB, end 167.21MB, increase: -82.60KB
2025-3-6 14:24:21-debug: 查询 Asset Bundle start, progress: 5%
2025-3-6 14:24:21-debug: // ---- build task 查询 Asset Bundle ----
2025-3-6 14:24:21-debug: 整理部分构建选项内数据到 settings.json start, progress: 10%
2025-3-6 14:24:21-debug: // ---- build task 查询 Asset Bundle ---- (1ms)
2025-3-6 14:24:21-debug: run build task 查询 Asset Bundle success in 1 ms√, progress: 10%
2025-3-6 14:24:21-debug: [Build Memory track]: 查询 Asset Bundle start:167.24MB, end 166.60MB, increase: -662.79KB
2025-3-6 14:24:21-debug: // ---- build task 整理部分构建选项内数据到 settings.json ----
2025-3-6 14:24:21-debug: [Build Memory track]: 整理部分构建选项内数据到 settings.json start:166.63MB, end 166.65MB, increase: 18.24KB
2025-3-6 14:24:21-debug: run build task 整理部分构建选项内数据到 settings.json success in √, progress: 12%
2025-3-6 14:24:21-debug: // ---- build task 填充脚本数据到 settings.json ----
2025-3-6 14:24:21-debug: 填充脚本数据到 settings.json start, progress: 12%
2025-3-6 14:24:21-debug: [Build Memory track]: 填充脚本数据到 settings.json start:166.69MB, end 166.71MB, increase: 19.25KB
2025-3-6 14:24:21-debug: run build task 填充脚本数据到 settings.json success in √, progress: 13%
2025-3-6 14:24:21-debug: // ---- build task 整理部分构建选项内数据到 settings.json ----
2025-3-6 14:24:21-debug: 整理部分构建选项内数据到 settings.json start, progress: 13%
2025-3-6 14:24:21-debug: run build task 整理部分构建选项内数据到 settings.json success in 3 ms√, progress: 15%
2025-3-6 14:24:21-debug: [Build Memory track]: 整理部分构建选项内数据到 settings.json start:166.75MB, end 166.88MB, increase: 139.85KB
2025-3-6 14:24:21-debug: // ---- build task 整理部分构建选项内数据到 settings.json ---- (3ms)
2025-3-6 14:25:39-debug: refresh db internal success
2025-3-6 14:25:39-debug: %cImport%c: G:\Cocos\KillGrass\PlayableMowGame\PlayableMowGame\assets\scripts\Enemy.tsbackground: #aaff85; color: #000;color: #000;
2025-3-6 14:25:39-debug: refresh db assets success
2025-3-6 14:25:39-debug: Run asset db hook engine-extends:afterRefresh ...
2025-3-6 14:25:39-debug: Run asset db hook engine-extends:afterRefresh success!
2025-3-6 14:25:39-debug: asset-db:worker-effect-data-processing (2ms)
2025-3-6 14:25:39-debug: asset-db-hook-engine-extends-afterRefresh (2ms)
2025-3-6 14:25:39-debug: asset-db:refresh-all-database (60ms)
2025-3-6 14:25:40-debug: Query all assets info in project
2025-3-6 14:25:40-debug: init custom config: keepNodeUuid: false, useCache: true
2025-3-6 14:25:40-debug: 查询 Asset Bundle start, progress: 0%
2025-3-6 14:25:40-debug: // ---- build task 查询 Asset Bundle ----
2025-3-6 14:25:40-debug: Query preload assets/scripts from cc.config.json: 60f7195c-ec2a-45eb-ba94-8955f60e81d0,1c02ae6f-4492-4915-b8f8-7492a3b1e4cd,810e96e4-e456-4468-9b59-f4e8f39732c0,efe8e2a3-eace-427b-b4f1-cb8a937ec77d,e9aa9a3e-5b2b-4ac7-a2c7-073de2b2b24f,8bbdbcdd-5cd4-4100-b6d5-b7c9625b6107,50f4348b-c883-4e2f-8f11-ce233b859fa1,fda095cb-831d-4601-ad94-846013963de8,f92806d7-1768-443f-afe8-12bcde84d0f0,dd3a144d-ab7f-41f0-82b8-2e43a090d496,f0416e68-0200-4b77-a926-4f9d16e494da,970b0598-bcb0-4714-91fb-2e81440dccd8,bcd64cc6-2dd9-43f6-abbe-66318d332032,d930590d-bb92-4cc8-8bd1-23cd027f9edf,a3cd009f-0ab0-420d-9278-b9fdab939bbc,6a2d0734-bd9e-4ddf-946e-caa52498cb75,c27215d8-6835-4b68-bfbb-bdeac6100c04,b5d6115f-0370-4d7c-aad3-c194cc71cf98,871c3b6c-7379-419d-bda3-794b239ab90d,ff9b0199-ce04-4cfe-86cc-6c719f08d6e4,de1c2107-70c8-4021-8459-6399f24d01c6,cbf30902-517f-40dc-af90-a550bac27cf1
2025-3-6 14:25:40-debug:   Number of all scripts: 11
2025-3-6 14:25:40-debug:   Number of other assets: 549
2025-3-6 14:25:40-debug:   Number of all scenes: 1
2025-3-6 14:25:40-debug: // ---- build task 查询 Asset Bundle ---- (3ms)
2025-3-6 14:25:40-debug: run build task 查询 Asset Bundle success in 3 ms√, progress: 5%
2025-3-6 14:25:40-debug: 查询 Asset Bundle start, progress: 5%
2025-3-6 14:25:40-debug: [Build Memory track]: 查询 Asset Bundle start:168.12MB, end 168.81MB, increase: 703.48KB
2025-3-6 14:25:40-debug: // ---- build task 查询 Asset Bundle ----
2025-3-6 14:25:40-debug: // ---- build task 查询 Asset Bundle ---- (1ms)
2025-3-6 14:25:40-debug: run build task 查询 Asset Bundle success in 1 ms√, progress: 10%
2025-3-6 14:25:40-debug: 整理部分构建选项内数据到 settings.json start, progress: 10%
2025-3-6 14:25:40-debug: [Build Memory track]: 查询 Asset Bundle start:168.84MB, end 168.19MB, increase: -664.04KB
2025-3-6 14:25:40-debug: // ---- build task 整理部分构建选项内数据到 settings.json ----
2025-3-6 14:25:40-debug: run build task 整理部分构建选项内数据到 settings.json success in √, progress: 12%
2025-3-6 14:25:40-debug: [Build Memory track]: 整理部分构建选项内数据到 settings.json start:168.23MB, end 168.26MB, increase: 27.08KB
2025-3-6 14:25:40-debug: // ---- build task 填充脚本数据到 settings.json ----
2025-3-6 14:25:40-debug: 填充脚本数据到 settings.json start, progress: 12%
2025-3-6 14:25:40-debug: [Build Memory track]: 填充脚本数据到 settings.json start:168.30MB, end 168.31MB, increase: 19.78KB
2025-3-6 14:25:40-debug: run build task 填充脚本数据到 settings.json success in √, progress: 13%
2025-3-6 14:25:40-debug: 整理部分构建选项内数据到 settings.json start, progress: 13%
2025-3-6 14:25:40-debug: // ---- build task 整理部分构建选项内数据到 settings.json ----
2025-3-6 14:25:40-debug: run build task 整理部分构建选项内数据到 settings.json success in 3 ms√, progress: 15%
2025-3-6 14:25:40-debug: [Build Memory track]: 整理部分构建选项内数据到 settings.json start:168.35MB, end 168.48MB, increase: 132.46KB
2025-3-6 14:25:40-debug: // ---- build task 整理部分构建选项内数据到 settings.json ---- (3ms)
2025-3-6 14:25:51-debug: %cImport%c: G:\Cocos\KillGrass\PlayableMowGame\PlayableMowGame\assets\Game.scenebackground: #aaff85; color: #000;color: #000;
2025-3-6 14:25:51-debug: asset-db:reimport-asset1248cd9a-17a5-4d76-9699-a1593ae4739b (5ms)
2025-3-6 14:26:01-debug: %cImport%c: G:\Cocos\KillGrass\PlayableMowGame\PlayableMowGame\assets\Game.scenebackground: #aaff85; color: #000;color: #000;
2025-3-6 14:26:01-debug: asset-db:reimport-asset1248cd9a-17a5-4d76-9699-a1593ae4739b (5ms)
2025-3-6 14:26:03-debug: Query all assets info in project
2025-3-6 14:26:03-debug: init custom config: keepNodeUuid: false, useCache: true
2025-3-6 14:26:03-debug: 查询 Asset Bundle start, progress: 0%
2025-3-6 14:26:03-debug: // ---- build task 查询 Asset Bundle ----
2025-3-6 14:26:03-debug:   Number of all scenes: 1
2025-3-6 14:26:03-debug:   Number of all scripts: 11
2025-3-6 14:26:03-debug: Query preload assets/scripts from cc.config.json: 60f7195c-ec2a-45eb-ba94-8955f60e81d0,1c02ae6f-4492-4915-b8f8-7492a3b1e4cd,810e96e4-e456-4468-9b59-f4e8f39732c0,efe8e2a3-eace-427b-b4f1-cb8a937ec77d,e9aa9a3e-5b2b-4ac7-a2c7-073de2b2b24f,8bbdbcdd-5cd4-4100-b6d5-b7c9625b6107,50f4348b-c883-4e2f-8f11-ce233b859fa1,fda095cb-831d-4601-ad94-846013963de8,f92806d7-1768-443f-afe8-12bcde84d0f0,dd3a144d-ab7f-41f0-82b8-2e43a090d496,f0416e68-0200-4b77-a926-4f9d16e494da,970b0598-bcb0-4714-91fb-2e81440dccd8,bcd64cc6-2dd9-43f6-abbe-66318d332032,d930590d-bb92-4cc8-8bd1-23cd027f9edf,a3cd009f-0ab0-420d-9278-b9fdab939bbc,6a2d0734-bd9e-4ddf-946e-caa52498cb75,c27215d8-6835-4b68-bfbb-bdeac6100c04,b5d6115f-0370-4d7c-aad3-c194cc71cf98,871c3b6c-7379-419d-bda3-794b239ab90d,ff9b0199-ce04-4cfe-86cc-6c719f08d6e4,de1c2107-70c8-4021-8459-6399f24d01c6,cbf30902-517f-40dc-af90-a550bac27cf1
2025-3-6 14:26:03-debug:   Number of other assets: 549
2025-3-6 14:26:03-debug: 查询 Asset Bundle start, progress: 5%
2025-3-6 14:26:03-debug: // ---- build task 查询 Asset Bundle ---- (2ms)
2025-3-6 14:26:03-debug: [Build Memory track]: 查询 Asset Bundle start:168.50MB, end 169.16MB, increase: 680.38KB
2025-3-6 14:26:03-debug: run build task 查询 Asset Bundle success in 2 ms√, progress: 5%
2025-3-6 14:26:03-debug: // ---- build task 查询 Asset Bundle ----
2025-3-6 14:26:03-debug: // ---- build task 查询 Asset Bundle ---- (1ms)
2025-3-6 14:26:03-debug: [Build Memory track]: 查询 Asset Bundle start:169.19MB, end 168.59MB, increase: -620.61KB
2025-3-6 14:26:03-debug: run build task 查询 Asset Bundle success in 1 ms√, progress: 10%
2025-3-6 14:26:03-debug: // ---- build task 整理部分构建选项内数据到 settings.json ----
2025-3-6 14:26:03-debug: 整理部分构建选项内数据到 settings.json start, progress: 10%
2025-3-6 14:26:03-debug: run build task 整理部分构建选项内数据到 settings.json success in √, progress: 12%
2025-3-6 14:26:03-debug: 填充脚本数据到 settings.json start, progress: 12%
2025-3-6 14:26:03-debug: // ---- build task 填充脚本数据到 settings.json ----
2025-3-6 14:26:03-debug: [Build Memory track]: 整理部分构建选项内数据到 settings.json start:168.62MB, end 168.64MB, increase: 17.89KB
2025-3-6 14:26:03-debug: run build task 填充脚本数据到 settings.json success in √, progress: 13%
2025-3-6 14:26:03-debug: [Build Memory track]: 填充脚本数据到 settings.json start:168.67MB, end 168.69MB, increase: 25.02KB
2025-3-6 14:26:03-debug: 整理部分构建选项内数据到 settings.json start, progress: 13%
2025-3-6 14:26:03-debug: // ---- build task 整理部分构建选项内数据到 settings.json ----
2025-3-6 14:26:03-debug: // ---- build task 整理部分构建选项内数据到 settings.json ---- (1ms)
2025-3-6 14:26:03-debug: [Build Memory track]: 整理部分构建选项内数据到 settings.json start:168.72MB, end 168.85MB, increase: 127.46KB
2025-3-6 14:26:03-debug: run build task 整理部分构建选项内数据到 settings.json success in 1 ms√, progress: 15%
2025-3-6 14:26:18-debug: refresh db internal success
2025-3-6 14:26:18-debug: %cImport%c: G:\Cocos\KillGrass\PlayableMowGame\PlayableMowGame\assets\scripts\GameManager.tsbackground: #aaff85; color: #000;color: #000;
2025-3-6 14:26:18-debug: %cImport%c: G:\Cocos\KillGrass\PlayableMowGame\PlayableMowGame\assets\scripts\Enemy.tsbackground: #aaff85; color: #000;color: #000;
2025-3-6 14:26:18-debug: Run asset db hook engine-extends:afterRefresh ...
2025-3-6 14:26:18-debug: Run asset db hook engine-extends:afterRefresh success!
2025-3-6 14:26:18-debug: refresh db assets success
2025-3-6 14:26:18-debug: asset-db:worker-effect-data-processing (1ms)
2025-3-6 14:26:18-debug: asset-db:refresh-all-database (71ms)
2025-3-6 14:26:18-debug: asset-db-hook-engine-extends-afterRefresh (1ms)
2025-3-6 14:26:20-debug: Query all assets info in project
2025-3-6 14:26:20-debug: init custom config: keepNodeUuid: false, useCache: true
2025-3-6 14:26:20-debug: 查询 Asset Bundle start, progress: 0%
2025-3-6 14:26:20-debug: // ---- build task 查询 Asset Bundle ----
2025-3-6 14:26:20-debug:   Number of all scenes: 1
2025-3-6 14:26:20-debug:   Number of all scripts: 11
2025-3-6 14:26:20-debug:   Number of other assets: 549
2025-3-6 14:26:20-debug: Query preload assets/scripts from cc.config.json: 60f7195c-ec2a-45eb-ba94-8955f60e81d0,1c02ae6f-4492-4915-b8f8-7492a3b1e4cd,810e96e4-e456-4468-9b59-f4e8f39732c0,efe8e2a3-eace-427b-b4f1-cb8a937ec77d,e9aa9a3e-5b2b-4ac7-a2c7-073de2b2b24f,8bbdbcdd-5cd4-4100-b6d5-b7c9625b6107,50f4348b-c883-4e2f-8f11-ce233b859fa1,fda095cb-831d-4601-ad94-846013963de8,f92806d7-1768-443f-afe8-12bcde84d0f0,dd3a144d-ab7f-41f0-82b8-2e43a090d496,f0416e68-0200-4b77-a926-4f9d16e494da,970b0598-bcb0-4714-91fb-2e81440dccd8,bcd64cc6-2dd9-43f6-abbe-66318d332032,d930590d-bb92-4cc8-8bd1-23cd027f9edf,a3cd009f-0ab0-420d-9278-b9fdab939bbc,6a2d0734-bd9e-4ddf-946e-caa52498cb75,c27215d8-6835-4b68-bfbb-bdeac6100c04,b5d6115f-0370-4d7c-aad3-c194cc71cf98,871c3b6c-7379-419d-bda3-794b239ab90d,ff9b0199-ce04-4cfe-86cc-6c719f08d6e4,de1c2107-70c8-4021-8459-6399f24d01c6,cbf30902-517f-40dc-af90-a550bac27cf1
2025-3-6 14:26:20-debug: run build task 查询 Asset Bundle success in 3 ms√, progress: 5%
2025-3-6 14:26:20-debug: // ---- build task 查询 Asset Bundle ---- (3ms)
2025-3-6 14:26:20-debug: [Build Memory track]: 查询 Asset Bundle start:170.63MB, end 170.54MB, increase: -95.79KB
2025-3-6 14:26:20-debug: // ---- build task 查询 Asset Bundle ----
2025-3-6 14:26:20-debug: 查询 Asset Bundle start, progress: 5%
2025-3-6 14:26:20-debug: [Build Memory track]: 查询 Asset Bundle start:170.57MB, end 169.93MB, increase: -656.40KB
2025-3-6 14:26:20-debug: run build task 查询 Asset Bundle success in 2 ms√, progress: 10%
2025-3-6 14:26:20-debug: // ---- build task 查询 Asset Bundle ---- (2ms)
2025-3-6 14:26:20-debug: 整理部分构建选项内数据到 settings.json start, progress: 10%
2025-3-6 14:26:20-debug: // ---- build task 整理部分构建选项内数据到 settings.json ----
2025-3-6 14:26:20-debug: run build task 整理部分构建选项内数据到 settings.json success in 1 ms√, progress: 12%
2025-3-6 14:26:20-debug: // ---- build task 整理部分构建选项内数据到 settings.json ---- (1ms)
2025-3-6 14:26:20-debug: 填充脚本数据到 settings.json start, progress: 12%
2025-3-6 14:26:20-debug: [Build Memory track]: 整理部分构建选项内数据到 settings.json start:169.96MB, end 169.98MB, increase: 25.35KB
2025-3-6 14:26:20-debug: // ---- build task 填充脚本数据到 settings.json ----
2025-3-6 14:26:20-debug: [Build Memory track]: 填充脚本数据到 settings.json start:170.01MB, end 170.03MB, increase: 19.77KB
2025-3-6 14:26:20-debug: run build task 填充脚本数据到 settings.json success in √, progress: 13%
2025-3-6 14:26:20-debug: // ---- build task 整理部分构建选项内数据到 settings.json ----
2025-3-6 14:26:20-debug: 整理部分构建选项内数据到 settings.json start, progress: 13%
2025-3-6 14:26:20-debug: // ---- build task 整理部分构建选项内数据到 settings.json ---- (2ms)
2025-3-6 14:26:20-debug: run build task 整理部分构建选项内数据到 settings.json success in 2 ms√, progress: 15%
2025-3-6 14:26:20-debug: [Build Memory track]: 整理部分构建选项内数据到 settings.json start:170.06MB, end 170.20MB, increase: 138.49KB
2025-3-6 14:26:32-debug: refresh db internal success
2025-3-6 14:26:32-debug: %cImport%c: G:\Cocos\KillGrass\PlayableMowGame\PlayableMowGame\assets\scripts\GameManager.tsbackground: #aaff85; color: #000;color: #000;
2025-3-6 14:26:32-debug: Run asset db hook engine-extends:afterRefresh ...
2025-3-6 14:26:32-debug: refresh db assets success
2025-3-6 14:26:32-debug: Run asset db hook engine-extends:afterRefresh success!
2025-3-6 14:26:32-debug: asset-db:refresh-all-database (61ms)
2025-3-6 14:26:32-debug: asset-db:worker-effect-data-processing (1ms)
2025-3-6 14:26:32-debug: asset-db-hook-engine-extends-afterRefresh (1ms)
2025-3-6 14:26:32-debug: Query all assets info in project
2025-3-6 14:26:32-debug: init custom config: keepNodeUuid: false, useCache: true
2025-3-6 14:26:32-debug: 查询 Asset Bundle start, progress: 0%
2025-3-6 14:26:32-debug: // ---- build task 查询 Asset Bundle ----
2025-3-6 14:26:32-debug: Query preload assets/scripts from cc.config.json: 60f7195c-ec2a-45eb-ba94-8955f60e81d0,1c02ae6f-4492-4915-b8f8-7492a3b1e4cd,810e96e4-e456-4468-9b59-f4e8f39732c0,efe8e2a3-eace-427b-b4f1-cb8a937ec77d,e9aa9a3e-5b2b-4ac7-a2c7-073de2b2b24f,8bbdbcdd-5cd4-4100-b6d5-b7c9625b6107,50f4348b-c883-4e2f-8f11-ce233b859fa1,fda095cb-831d-4601-ad94-846013963de8,f92806d7-1768-443f-afe8-12bcde84d0f0,dd3a144d-ab7f-41f0-82b8-2e43a090d496,f0416e68-0200-4b77-a926-4f9d16e494da,970b0598-bcb0-4714-91fb-2e81440dccd8,bcd64cc6-2dd9-43f6-abbe-66318d332032,d930590d-bb92-4cc8-8bd1-23cd027f9edf,a3cd009f-0ab0-420d-9278-b9fdab939bbc,6a2d0734-bd9e-4ddf-946e-caa52498cb75,c27215d8-6835-4b68-bfbb-bdeac6100c04,b5d6115f-0370-4d7c-aad3-c194cc71cf98,871c3b6c-7379-419d-bda3-794b239ab90d,ff9b0199-ce04-4cfe-86cc-6c719f08d6e4,de1c2107-70c8-4021-8459-6399f24d01c6,cbf30902-517f-40dc-af90-a550bac27cf1
2025-3-6 14:26:32-debug:   Number of other assets: 549
2025-3-6 14:26:32-debug:   Number of all scripts: 11
2025-3-6 14:26:32-debug:   Number of all scenes: 1
2025-3-6 14:26:32-debug: // ---- build task 查询 Asset Bundle ---- (4ms)
2025-3-6 14:26:32-debug: run build task 查询 Asset Bundle success in 4 ms√, progress: 5%
2025-3-6 14:26:32-debug: 查询 Asset Bundle start, progress: 5%
2025-3-6 14:26:32-debug: [Build Memory track]: 查询 Asset Bundle start:171.86MB, end 171.63MB, increase: -242.50KB
2025-3-6 14:26:32-debug: // ---- build task 查询 Asset Bundle ----
2025-3-6 14:26:32-debug: // ---- build task 查询 Asset Bundle ---- (1ms)
2025-3-6 14:26:32-debug: run build task 查询 Asset Bundle success in 1 ms√, progress: 10%
2025-3-6 14:26:32-debug: 整理部分构建选项内数据到 settings.json start, progress: 10%
2025-3-6 14:26:32-debug: // ---- build task 整理部分构建选项内数据到 settings.json ----
2025-3-6 14:26:32-debug: [Build Memory track]: 查询 Asset Bundle start:171.65MB, end 171.76MB, increase: 106.82KB
2025-3-6 14:26:32-debug: run build task 整理部分构建选项内数据到 settings.json success in √, progress: 12%
2025-3-6 14:26:32-debug: [Build Memory track]: 整理部分构建选项内数据到 settings.json start:171.79MB, end 171.81MB, increase: 18.05KB
2025-3-6 14:26:32-debug: // ---- build task 填充脚本数据到 settings.json ----
2025-3-6 14:26:32-debug: 填充脚本数据到 settings.json start, progress: 12%
2025-3-6 14:26:32-debug: 整理部分构建选项内数据到 settings.json start, progress: 13%
2025-3-6 14:26:32-debug: run build task 填充脚本数据到 settings.json success in 1 ms√, progress: 13%
2025-3-6 14:26:32-debug: // ---- build task 填充脚本数据到 settings.json ---- (1ms)
2025-3-6 14:26:32-debug: [Build Memory track]: 填充脚本数据到 settings.json start:171.84MB, end 171.86MB, increase: 25.61KB
2025-3-6 14:26:32-debug: // ---- build task 整理部分构建选项内数据到 settings.json ----
2025-3-6 14:26:32-debug: run build task 整理部分构建选项内数据到 settings.json success in 3 ms√, progress: 15%
2025-3-6 14:26:32-debug: [Build Memory track]: 整理部分构建选项内数据到 settings.json start:171.89MB, end 172.03MB, increase: 143.95KB
2025-3-6 14:26:32-debug: // ---- build task 整理部分构建选项内数据到 settings.json ---- (3ms)
2025-3-6 14:27:48-debug: refresh db internal success
2025-3-6 14:27:48-debug: %cImport%c: G:\Cocos\KillGrass\PlayableMowGame\PlayableMowGame\assets\scripts\Bullet.tsbackground: #aaff85; color: #000;color: #000;
2025-3-6 14:27:48-debug: Run asset db hook engine-extends:afterRefresh success!
2025-3-6 14:27:48-debug: Run asset db hook engine-extends:afterRefresh ...
2025-3-6 14:27:48-debug: refresh db assets success
2025-3-6 14:27:48-debug: asset-db:refresh-all-database (64ms)
2025-3-6 14:27:48-debug: asset-db:worker-effect-data-processing (1ms)
2025-3-6 14:27:48-debug: asset-db-hook-engine-extends-afterRefresh (1ms)
2025-3-6 14:27:48-debug: Query all assets info in project
2025-3-6 14:27:48-debug: init custom config: keepNodeUuid: false, useCache: true
2025-3-6 14:27:48-debug: // ---- build task 查询 Asset Bundle ----
2025-3-6 14:27:48-debug: 查询 Asset Bundle start, progress: 0%
2025-3-6 14:27:48-debug:   Number of all scenes: 1
2025-3-6 14:27:48-debug: Query preload assets/scripts from cc.config.json: 60f7195c-ec2a-45eb-ba94-8955f60e81d0,1c02ae6f-4492-4915-b8f8-7492a3b1e4cd,810e96e4-e456-4468-9b59-f4e8f39732c0,efe8e2a3-eace-427b-b4f1-cb8a937ec77d,e9aa9a3e-5b2b-4ac7-a2c7-073de2b2b24f,8bbdbcdd-5cd4-4100-b6d5-b7c9625b6107,50f4348b-c883-4e2f-8f11-ce233b859fa1,fda095cb-831d-4601-ad94-846013963de8,f92806d7-1768-443f-afe8-12bcde84d0f0,dd3a144d-ab7f-41f0-82b8-2e43a090d496,f0416e68-0200-4b77-a926-4f9d16e494da,970b0598-bcb0-4714-91fb-2e81440dccd8,bcd64cc6-2dd9-43f6-abbe-66318d332032,d930590d-bb92-4cc8-8bd1-23cd027f9edf,a3cd009f-0ab0-420d-9278-b9fdab939bbc,6a2d0734-bd9e-4ddf-946e-caa52498cb75,c27215d8-6835-4b68-bfbb-bdeac6100c04,b5d6115f-0370-4d7c-aad3-c194cc71cf98,871c3b6c-7379-419d-bda3-794b239ab90d,ff9b0199-ce04-4cfe-86cc-6c719f08d6e4,de1c2107-70c8-4021-8459-6399f24d01c6,cbf30902-517f-40dc-af90-a550bac27cf1
2025-3-6 14:27:48-debug:   Number of other assets: 549
2025-3-6 14:27:48-debug:   Number of all scripts: 11
2025-3-6 14:27:48-debug: run build task 查询 Asset Bundle success in 3 ms√, progress: 5%
2025-3-6 14:27:48-debug: // ---- build task 查询 Asset Bundle ---- (3ms)
2025-3-6 14:27:48-debug: 查询 Asset Bundle start, progress: 5%
2025-3-6 14:27:48-debug: [Build Memory track]: 查询 Asset Bundle start:173.24MB, end 173.03MB, increase: -211.43KB
2025-3-6 14:27:48-debug: // ---- build task 查询 Asset Bundle ----
2025-3-6 14:27:48-debug: [Build Memory track]: 查询 Asset Bundle start:173.06MB, end 173.17MB, increase: 111.93KB
2025-3-6 14:27:48-debug: // ---- build task 查询 Asset Bundle ---- (1ms)
2025-3-6 14:27:48-debug: run build task 查询 Asset Bundle success in 1 ms√, progress: 10%
2025-3-6 14:27:48-debug: 整理部分构建选项内数据到 settings.json start, progress: 10%
2025-3-6 14:27:48-debug: // ---- build task 整理部分构建选项内数据到 settings.json ----
2025-3-6 14:27:48-debug: [Build Memory track]: 整理部分构建选项内数据到 settings.json start:173.20MB, end 173.22MB, increase: 15.58KB
2025-3-6 14:27:48-debug: run build task 整理部分构建选项内数据到 settings.json success in √, progress: 12%
2025-3-6 14:27:48-debug: 填充脚本数据到 settings.json start, progress: 12%
2025-3-6 14:27:48-debug: // ---- build task 填充脚本数据到 settings.json ----
2025-3-6 14:27:48-debug: [Build Memory track]: 填充脚本数据到 settings.json start:173.25MB, end 173.27MB, increase: 17.41KB
2025-3-6 14:27:48-debug: run build task 填充脚本数据到 settings.json success in √, progress: 13%
2025-3-6 14:27:48-debug: 整理部分构建选项内数据到 settings.json start, progress: 13%
2025-3-6 14:27:48-debug: // ---- build task 整理部分构建选项内数据到 settings.json ----
2025-3-6 14:27:48-debug: run build task 整理部分构建选项内数据到 settings.json success in 2 ms√, progress: 15%
2025-3-6 14:27:48-debug: // ---- build task 整理部分构建选项内数据到 settings.json ---- (2ms)
2025-3-6 14:27:48-debug: [Build Memory track]: 整理部分构建选项内数据到 settings.json start:173.30MB, end 173.43MB, increase: 136.33KB
2025-3-6 14:29:17-debug: refresh db internal success
2025-3-6 14:29:17-debug: %cImport%c: G:\Cocos\KillGrass\PlayableMowGame\PlayableMowGame\assets\scripts\Bullet.tsbackground: #aaff85; color: #000;color: #000;
2025-3-6 14:29:17-debug: refresh db assets success
2025-3-6 14:29:17-debug: Run asset db hook engine-extends:afterRefresh success!
2025-3-6 14:29:17-debug: Run asset db hook engine-extends:afterRefresh ...
2025-3-6 14:29:17-debug: asset-db:refresh-all-database (98ms)
2025-3-6 14:29:17-debug: asset-db:worker-effect-data-processing (2ms)
2025-3-6 14:29:17-debug: asset-db-hook-engine-extends-afterRefresh (2ms)
2025-3-6 14:29:18-debug: Query all assets info in project
2025-3-6 14:29:18-debug: init custom config: keepNodeUuid: false, useCache: true
2025-3-6 14:29:18-debug: 查询 Asset Bundle start, progress: 0%
2025-3-6 14:29:18-debug: // ---- build task 查询 Asset Bundle ----
2025-3-6 14:29:18-debug:   Number of all scripts: 11
2025-3-6 14:29:18-debug: Query preload assets/scripts from cc.config.json: 60f7195c-ec2a-45eb-ba94-8955f60e81d0,1c02ae6f-4492-4915-b8f8-7492a3b1e4cd,810e96e4-e456-4468-9b59-f4e8f39732c0,efe8e2a3-eace-427b-b4f1-cb8a937ec77d,e9aa9a3e-5b2b-4ac7-a2c7-073de2b2b24f,8bbdbcdd-5cd4-4100-b6d5-b7c9625b6107,50f4348b-c883-4e2f-8f11-ce233b859fa1,fda095cb-831d-4601-ad94-846013963de8,f92806d7-1768-443f-afe8-12bcde84d0f0,dd3a144d-ab7f-41f0-82b8-2e43a090d496,f0416e68-0200-4b77-a926-4f9d16e494da,970b0598-bcb0-4714-91fb-2e81440dccd8,bcd64cc6-2dd9-43f6-abbe-66318d332032,d930590d-bb92-4cc8-8bd1-23cd027f9edf,a3cd009f-0ab0-420d-9278-b9fdab939bbc,6a2d0734-bd9e-4ddf-946e-caa52498cb75,c27215d8-6835-4b68-bfbb-bdeac6100c04,b5d6115f-0370-4d7c-aad3-c194cc71cf98,871c3b6c-7379-419d-bda3-794b239ab90d,ff9b0199-ce04-4cfe-86cc-6c719f08d6e4,de1c2107-70c8-4021-8459-6399f24d01c6,cbf30902-517f-40dc-af90-a550bac27cf1
2025-3-6 14:29:18-debug:   Number of all scenes: 1
2025-3-6 14:29:18-debug:   Number of other assets: 549
2025-3-6 14:29:18-debug: // ---- build task 查询 Asset Bundle ---- (4ms)
2025-3-6 14:29:18-debug: 查询 Asset Bundle start, progress: 5%
2025-3-6 14:29:18-debug: [Build Memory track]: 查询 Asset Bundle start:174.86MB, end 174.69MB, increase: -170.29KB
2025-3-6 14:29:18-debug: run build task 查询 Asset Bundle success in 4 ms√, progress: 5%
2025-3-6 14:29:18-debug: // ---- build task 查询 Asset Bundle ----
2025-3-6 14:29:18-debug: // ---- build task 查询 Asset Bundle ---- (1ms)
2025-3-6 14:29:18-debug: 整理部分构建选项内数据到 settings.json start, progress: 10%
2025-3-6 14:29:18-debug: [Build Memory track]: 查询 Asset Bundle start:174.72MB, end 174.83MB, increase: 106.96KB
2025-3-6 14:29:18-debug: run build task 查询 Asset Bundle success in 1 ms√, progress: 10%
2025-3-6 14:29:18-debug: // ---- build task 整理部分构建选项内数据到 settings.json ----
2025-3-6 14:29:18-debug: run build task 整理部分构建选项内数据到 settings.json success in √, progress: 12%
2025-3-6 14:29:18-debug: 填充脚本数据到 settings.json start, progress: 12%
2025-3-6 14:29:18-debug: // ---- build task 填充脚本数据到 settings.json ----
2025-3-6 14:29:18-debug: [Build Memory track]: 整理部分构建选项内数据到 settings.json start:174.86MB, end 174.87MB, increase: 15.84KB
2025-3-6 14:29:18-debug: // ---- build task 填充脚本数据到 settings.json ---- (1ms)
2025-3-6 14:29:18-debug: [Build Memory track]: 填充脚本数据到 settings.json start:174.90MB, end 174.93MB, increase: 27.80KB
2025-3-6 14:29:18-debug: run build task 填充脚本数据到 settings.json success in 1 ms√, progress: 13%
2025-3-6 14:29:18-debug: 整理部分构建选项内数据到 settings.json start, progress: 13%
2025-3-6 14:29:18-debug: // ---- build task 整理部分构建选项内数据到 settings.json ----
2025-3-6 14:29:18-debug: run build task 整理部分构建选项内数据到 settings.json success in 3 ms√, progress: 15%
2025-3-6 14:29:18-debug: // ---- build task 整理部分构建选项内数据到 settings.json ---- (3ms)
2025-3-6 14:29:18-debug: [Build Memory track]: 整理部分构建选项内数据到 settings.json start:174.96MB, end 175.09MB, increase: 132.56KB
2025-3-6 14:29:28-debug: refresh db internal success
2025-3-6 14:29:28-debug: %cImport%c: G:\Cocos\KillGrass\PlayableMowGame\PlayableMowGame\assets\scripts\Bullet.tsbackground: #aaff85; color: #000;color: #000;
2025-3-6 14:29:28-debug: refresh db assets success
2025-3-6 14:29:28-debug: Run asset db hook engine-extends:afterRefresh success!
2025-3-6 14:29:28-debug: Run asset db hook engine-extends:afterRefresh ...
2025-3-6 14:29:28-debug: asset-db:refresh-all-database (75ms)
2025-3-6 14:29:28-debug: asset-db:worker-effect-data-processing (4ms)
2025-3-6 14:29:28-debug: asset-db-hook-engine-extends-afterRefresh (4ms)
2025-3-6 14:29:30-debug: Query all assets info in project
2025-3-6 14:29:30-debug: init custom config: keepNodeUuid: false, useCache: true
2025-3-6 14:29:30-debug: 查询 Asset Bundle start, progress: 0%
2025-3-6 14:29:30-debug: // ---- build task 查询 Asset Bundle ----
2025-3-6 14:29:30-debug:   Number of all scripts: 11
2025-3-6 14:29:30-debug: Query preload assets/scripts from cc.config.json: 60f7195c-ec2a-45eb-ba94-8955f60e81d0,1c02ae6f-4492-4915-b8f8-7492a3b1e4cd,810e96e4-e456-4468-9b59-f4e8f39732c0,efe8e2a3-eace-427b-b4f1-cb8a937ec77d,e9aa9a3e-5b2b-4ac7-a2c7-073de2b2b24f,8bbdbcdd-5cd4-4100-b6d5-b7c9625b6107,50f4348b-c883-4e2f-8f11-ce233b859fa1,fda095cb-831d-4601-ad94-846013963de8,f92806d7-1768-443f-afe8-12bcde84d0f0,dd3a144d-ab7f-41f0-82b8-2e43a090d496,f0416e68-0200-4b77-a926-4f9d16e494da,970b0598-bcb0-4714-91fb-2e81440dccd8,bcd64cc6-2dd9-43f6-abbe-66318d332032,d930590d-bb92-4cc8-8bd1-23cd027f9edf,a3cd009f-0ab0-420d-9278-b9fdab939bbc,6a2d0734-bd9e-4ddf-946e-caa52498cb75,c27215d8-6835-4b68-bfbb-bdeac6100c04,b5d6115f-0370-4d7c-aad3-c194cc71cf98,871c3b6c-7379-419d-bda3-794b239ab90d,ff9b0199-ce04-4cfe-86cc-6c719f08d6e4,de1c2107-70c8-4021-8459-6399f24d01c6,cbf30902-517f-40dc-af90-a550bac27cf1
2025-3-6 14:29:30-debug:   Number of other assets: 549
2025-3-6 14:29:30-debug:   Number of all scenes: 1
2025-3-6 14:29:30-debug: // ---- build task 查询 Asset Bundle ---- (3ms)
2025-3-6 14:29:30-debug: run build task 查询 Asset Bundle success in 3 ms√, progress: 5%
2025-3-6 14:29:30-debug: 查询 Asset Bundle start, progress: 5%
2025-3-6 14:29:30-debug: // ---- build task 查询 Asset Bundle ----
2025-3-6 14:29:30-debug: [Build Memory track]: 查询 Asset Bundle start:176.18MB, end 175.97MB, increase: -209.34KB
2025-3-6 14:29:30-debug: run build task 查询 Asset Bundle success in 2 ms√, progress: 10%
2025-3-6 14:29:30-debug: 整理部分构建选项内数据到 settings.json start, progress: 10%
2025-3-6 14:29:30-debug: [Build Memory track]: 查询 Asset Bundle start:176.00MB, end 176.10MB, increase: 104.10KB
2025-3-6 14:29:30-debug: // ---- build task 查询 Asset Bundle ---- (2ms)
2025-3-6 14:29:30-debug: // ---- build task 整理部分构建选项内数据到 settings.json ----
2025-3-6 14:29:30-debug: run build task 整理部分构建选项内数据到 settings.json success in 1 ms√, progress: 12%
2025-3-6 14:29:30-debug: [Build Memory track]: 整理部分构建选项内数据到 settings.json start:176.13MB, end 176.16MB, increase: 25.54KB
2025-3-6 14:29:30-debug: 填充脚本数据到 settings.json start, progress: 12%
2025-3-6 14:29:30-debug: // ---- build task 填充脚本数据到 settings.json ----
2025-3-6 14:29:30-debug: // ---- build task 整理部分构建选项内数据到 settings.json ---- (1ms)
2025-3-6 14:29:30-debug: // ---- build task 填充脚本数据到 settings.json ---- (1ms)
2025-3-6 14:29:30-debug: run build task 填充脚本数据到 settings.json success in 1 ms√, progress: 13%
2025-3-6 14:29:30-debug: [Build Memory track]: 填充脚本数据到 settings.json start:176.19MB, end 176.22MB, increase: 26.81KB
2025-3-6 14:29:30-debug: 整理部分构建选项内数据到 settings.json start, progress: 13%
2025-3-6 14:29:30-debug: // ---- build task 整理部分构建选项内数据到 settings.json ----
2025-3-6 14:29:30-debug: run build task 整理部分构建选项内数据到 settings.json success in 2 ms√, progress: 15%
2025-3-6 14:29:30-debug: [Build Memory track]: 整理部分构建选项内数据到 settings.json start:176.25MB, end 176.38MB, increase: 139.77KB
2025-3-6 14:29:30-debug: // ---- build task 整理部分构建选项内数据到 settings.json ---- (2ms)
2025-3-6 14:29:42-debug: Query all assets info in project
2025-3-6 14:29:42-debug: init custom config: keepNodeUuid: false, useCache: true
2025-3-6 14:29:42-debug: 查询 Asset Bundle start, progress: 0%
2025-3-6 14:29:42-debug: // ---- build task 查询 Asset Bundle ----
2025-3-6 14:29:42-debug: Query preload assets/scripts from cc.config.json: 60f7195c-ec2a-45eb-ba94-8955f60e81d0,1c02ae6f-4492-4915-b8f8-7492a3b1e4cd,810e96e4-e456-4468-9b59-f4e8f39732c0,efe8e2a3-eace-427b-b4f1-cb8a937ec77d,e9aa9a3e-5b2b-4ac7-a2c7-073de2b2b24f,8bbdbcdd-5cd4-4100-b6d5-b7c9625b6107,50f4348b-c883-4e2f-8f11-ce233b859fa1,fda095cb-831d-4601-ad94-846013963de8,f92806d7-1768-443f-afe8-12bcde84d0f0,dd3a144d-ab7f-41f0-82b8-2e43a090d496,f0416e68-0200-4b77-a926-4f9d16e494da,970b0598-bcb0-4714-91fb-2e81440dccd8,bcd64cc6-2dd9-43f6-abbe-66318d332032,d930590d-bb92-4cc8-8bd1-23cd027f9edf,a3cd009f-0ab0-420d-9278-b9fdab939bbc,6a2d0734-bd9e-4ddf-946e-caa52498cb75,c27215d8-6835-4b68-bfbb-bdeac6100c04,b5d6115f-0370-4d7c-aad3-c194cc71cf98,871c3b6c-7379-419d-bda3-794b239ab90d,ff9b0199-ce04-4cfe-86cc-6c719f08d6e4,de1c2107-70c8-4021-8459-6399f24d01c6,cbf30902-517f-40dc-af90-a550bac27cf1
2025-3-6 14:29:42-debug:   Number of all scripts: 11
2025-3-6 14:29:42-debug:   Number of other assets: 549
2025-3-6 14:29:42-debug:   Number of all scenes: 1
2025-3-6 14:29:42-debug: // ---- build task 查询 Asset Bundle ---- (3ms)
2025-3-6 14:29:42-debug: run build task 查询 Asset Bundle success in 3 ms√, progress: 5%
2025-3-6 14:29:42-debug: 查询 Asset Bundle start, progress: 5%
2025-3-6 14:29:42-debug: [Build Memory track]: 查询 Asset Bundle start:176.84MB, end 176.70MB, increase: -143.19KB
2025-3-6 14:29:42-debug: // ---- build task 查询 Asset Bundle ----
2025-3-6 14:29:42-debug: // ---- build task 查询 Asset Bundle ---- (1ms)
2025-3-6 14:29:42-debug: [Build Memory track]: 查询 Asset Bundle start:176.73MB, end 176.84MB, increase: 109.31KB
2025-3-6 14:29:42-debug: run build task 查询 Asset Bundle success in 1 ms√, progress: 10%
2025-3-6 14:29:42-debug: 整理部分构建选项内数据到 settings.json start, progress: 10%
2025-3-6 14:29:42-debug: // ---- build task 整理部分构建选项内数据到 settings.json ----
2025-3-6 14:29:42-debug: run build task 整理部分构建选项内数据到 settings.json success in √, progress: 12%
2025-3-6 14:29:42-debug: [Build Memory track]: 整理部分构建选项内数据到 settings.json start:176.88MB, end 176.90MB, increase: 17.88KB
2025-3-6 14:29:42-debug: // ---- build task 填充脚本数据到 settings.json ----
2025-3-6 14:29:42-debug: 填充脚本数据到 settings.json start, progress: 12%
2025-3-6 14:29:42-debug: run build task 填充脚本数据到 settings.json success in √, progress: 13%
2025-3-6 14:29:42-debug: [Build Memory track]: 填充脚本数据到 settings.json start:176.94MB, end 176.96MB, increase: 20.33KB
2025-3-6 14:29:42-debug: 整理部分构建选项内数据到 settings.json start, progress: 13%
2025-3-6 14:29:42-debug: // ---- build task 整理部分构建选项内数据到 settings.json ----
2025-3-6 14:29:42-debug: // ---- build task 整理部分构建选项内数据到 settings.json ---- (3ms)
2025-3-6 14:29:42-debug: [Build Memory track]: 整理部分构建选项内数据到 settings.json start:176.99MB, end 176.46MB, increase: -538.86KB
2025-3-6 14:29:42-debug: run build task 整理部分构建选项内数据到 settings.json success in 3 ms√, progress: 15%
2025-3-6 14:29:48-debug: refresh db internal success
2025-3-6 14:29:48-debug: %cImport%c: G:\Cocos\KillGrass\PlayableMowGame\PlayableMowGame\assets\scripts\Bullet.tsbackground: #aaff85; color: #000;color: #000;
2025-3-6 14:29:48-debug: refresh db assets success
2025-3-6 14:29:48-debug: Run asset db hook engine-extends:afterRefresh ...
2025-3-6 14:29:48-debug: Run asset db hook engine-extends:afterRefresh success!
2025-3-6 14:29:48-debug: asset-db:worker-effect-data-processing (1ms)
2025-3-6 14:29:48-debug: asset-db:refresh-all-database (51ms)
2025-3-6 14:29:48-debug: asset-db-hook-engine-extends-afterRefresh (2ms)
2025-3-6 14:29:49-debug: Query all assets info in project
2025-3-6 14:29:49-debug: init custom config: keepNodeUuid: false, useCache: true
2025-3-6 14:29:49-debug: 查询 Asset Bundle start, progress: 0%
2025-3-6 14:29:49-debug: // ---- build task 查询 Asset Bundle ----
2025-3-6 14:29:49-debug: Query preload assets/scripts from cc.config.json: 60f7195c-ec2a-45eb-ba94-8955f60e81d0,1c02ae6f-4492-4915-b8f8-7492a3b1e4cd,810e96e4-e456-4468-9b59-f4e8f39732c0,efe8e2a3-eace-427b-b4f1-cb8a937ec77d,e9aa9a3e-5b2b-4ac7-a2c7-073de2b2b24f,8bbdbcdd-5cd4-4100-b6d5-b7c9625b6107,50f4348b-c883-4e2f-8f11-ce233b859fa1,fda095cb-831d-4601-ad94-846013963de8,f92806d7-1768-443f-afe8-12bcde84d0f0,dd3a144d-ab7f-41f0-82b8-2e43a090d496,f0416e68-0200-4b77-a926-4f9d16e494da,970b0598-bcb0-4714-91fb-2e81440dccd8,bcd64cc6-2dd9-43f6-abbe-66318d332032,d930590d-bb92-4cc8-8bd1-23cd027f9edf,a3cd009f-0ab0-420d-9278-b9fdab939bbc,6a2d0734-bd9e-4ddf-946e-caa52498cb75,c27215d8-6835-4b68-bfbb-bdeac6100c04,b5d6115f-0370-4d7c-aad3-c194cc71cf98,871c3b6c-7379-419d-bda3-794b239ab90d,ff9b0199-ce04-4cfe-86cc-6c719f08d6e4,de1c2107-70c8-4021-8459-6399f24d01c6,cbf30902-517f-40dc-af90-a550bac27cf1
2025-3-6 14:29:49-debug:   Number of all scripts: 11
2025-3-6 14:29:49-debug:   Number of other assets: 549
2025-3-6 14:29:49-debug:   Number of all scenes: 1
2025-3-6 14:29:49-debug: // ---- build task 查询 Asset Bundle ---- (2ms)
2025-3-6 14:29:49-debug: run build task 查询 Asset Bundle success in 2 ms√, progress: 5%
2025-3-6 14:29:49-debug: [Build Memory track]: 查询 Asset Bundle start:178.16MB, end 178.87MB, increase: 727.49KB
2025-3-6 14:29:49-debug: // ---- build task 查询 Asset Bundle ----
2025-3-6 14:29:49-debug: 查询 Asset Bundle start, progress: 5%
2025-3-6 14:29:49-debug: run build task 查询 Asset Bundle success in 1 ms√, progress: 10%
2025-3-6 14:29:49-debug: [Build Memory track]: 查询 Asset Bundle start:178.90MB, end 179.01MB, increase: 107.79KB
2025-3-6 14:29:49-debug: 整理部分构建选项内数据到 settings.json start, progress: 10%
2025-3-6 14:29:49-debug: // ---- build task 查询 Asset Bundle ---- (1ms)
2025-3-6 14:29:49-debug: // ---- build task 整理部分构建选项内数据到 settings.json ----
2025-3-6 14:29:49-debug: // ---- build task 整理部分构建选项内数据到 settings.json ---- (1ms)
2025-3-6 14:29:49-debug: run build task 整理部分构建选项内数据到 settings.json success in 1 ms√, progress: 12%
2025-3-6 14:29:49-debug: [Build Memory track]: 整理部分构建选项内数据到 settings.json start:179.04MB, end 179.06MB, increase: 26.19KB
2025-3-6 14:29:49-debug: 填充脚本数据到 settings.json start, progress: 12%
2025-3-6 14:29:49-debug: // ---- build task 填充脚本数据到 settings.json ----
2025-3-6 14:29:49-debug: 整理部分构建选项内数据到 settings.json start, progress: 13%
2025-3-6 14:29:49-debug: run build task 填充脚本数据到 settings.json success in √, progress: 13%
2025-3-6 14:29:49-debug: [Build Memory track]: 填充脚本数据到 settings.json start:179.10MB, end 179.11MB, increase: 17.88KB
2025-3-6 14:29:49-debug: // ---- build task 整理部分构建选项内数据到 settings.json ----
2025-3-6 14:29:49-debug: run build task 整理部分构建选项内数据到 settings.json success in 1 ms√, progress: 15%
2025-3-6 14:29:49-debug: // ---- build task 整理部分构建选项内数据到 settings.json ---- (1ms)
2025-3-6 14:29:49-debug: [Build Memory track]: 整理部分构建选项内数据到 settings.json start:179.14MB, end 179.31MB, increase: 175.51KB
2025-3-6 14:31:15-debug: refresh db internal success
2025-3-6 14:31:15-debug: %cImport%c: G:\Cocos\KillGrass\PlayableMowGame\PlayableMowGame\assets\scripts\HitEffect.tsbackground: #aaff85; color: #000;color: #000;
2025-3-6 14:31:15-debug: %cImport%c: G:\Cocos\KillGrass\PlayableMowGame\PlayableMowGame\assets\scripts\Bullet.tsbackground: #aaff85; color: #000;color: #000;
2025-3-6 14:31:15-debug: %cImport%c: G:\Cocos\KillGrass\PlayableMowGame\PlayableMowGame\assets\scriptsbackground: #aaff85; color: #000;color: #000;
2025-3-6 14:31:15-debug: refresh db assets success
2025-3-6 14:31:15-debug: Run asset db hook engine-extends:afterRefresh ...
2025-3-6 14:31:15-debug: Run asset db hook engine-extends:afterRefresh success!
2025-3-6 14:31:15-debug: asset-db:refresh-all-database (47ms)
2025-3-6 14:31:15-debug: asset-db-hook-engine-extends-afterRefresh (1ms)
2025-3-6 14:31:20-debug: %cImport%c: G:\Cocos\KillGrass\PlayableMowGame\PlayableMowGame\assets\prefabs\hiteffect01.prefabbackground: #aaff85; color: #000;color: #000;
2025-3-6 14:31:20-debug: asset-db:reimport-asset1b1d0214-0b65-4223-9c76-d4700e9bf67f (3ms)
2025-3-6 14:31:24-debug: Query all assets info in project
2025-3-6 14:31:24-debug: init custom config: keepNodeUuid: false, useCache: true
2025-3-6 14:31:24-debug: 查询 Asset Bundle start, progress: 0%
2025-3-6 14:31:24-debug: // ---- build task 查询 Asset Bundle ----
2025-3-6 14:31:24-debug: Query preload assets/scripts from cc.config.json: 60f7195c-ec2a-45eb-ba94-8955f60e81d0,1c02ae6f-4492-4915-b8f8-7492a3b1e4cd,810e96e4-e456-4468-9b59-f4e8f39732c0,efe8e2a3-eace-427b-b4f1-cb8a937ec77d,e9aa9a3e-5b2b-4ac7-a2c7-073de2b2b24f,8bbdbcdd-5cd4-4100-b6d5-b7c9625b6107,50f4348b-c883-4e2f-8f11-ce233b859fa1,fda095cb-831d-4601-ad94-846013963de8,f92806d7-1768-443f-afe8-12bcde84d0f0,dd3a144d-ab7f-41f0-82b8-2e43a090d496,f0416e68-0200-4b77-a926-4f9d16e494da,970b0598-bcb0-4714-91fb-2e81440dccd8,bcd64cc6-2dd9-43f6-abbe-66318d332032,d930590d-bb92-4cc8-8bd1-23cd027f9edf,a3cd009f-0ab0-420d-9278-b9fdab939bbc,6a2d0734-bd9e-4ddf-946e-caa52498cb75,c27215d8-6835-4b68-bfbb-bdeac6100c04,b5d6115f-0370-4d7c-aad3-c194cc71cf98,871c3b6c-7379-419d-bda3-794b239ab90d,ff9b0199-ce04-4cfe-86cc-6c719f08d6e4,de1c2107-70c8-4021-8459-6399f24d01c6,cbf30902-517f-40dc-af90-a550bac27cf1
2025-3-6 14:31:24-debug:   Number of all scenes: 1
2025-3-6 14:31:24-debug:   Number of other assets: 549
2025-3-6 14:31:24-debug:   Number of all scripts: 12
2025-3-6 14:31:24-debug: // ---- build task 查询 Asset Bundle ---- (1ms)
2025-3-6 14:31:24-debug: run build task 查询 Asset Bundle success in 1 ms√, progress: 5%
2025-3-6 14:31:24-debug: 查询 Asset Bundle start, progress: 5%
2025-3-6 14:31:24-debug: [Build Memory track]: 查询 Asset Bundle start:179.60MB, end 179.45MB, increase: -160.67KB
2025-3-6 14:31:24-debug: // ---- build task 查询 Asset Bundle ----
2025-3-6 14:31:24-debug: run build task 查询 Asset Bundle success in √, progress: 10%
2025-3-6 14:31:24-debug: [Build Memory track]: 查询 Asset Bundle start:179.48MB, end 179.57MB, increase: 95.38KB
2025-3-6 14:31:24-debug: 整理部分构建选项内数据到 settings.json start, progress: 10%
2025-3-6 14:31:24-debug: // ---- build task 整理部分构建选项内数据到 settings.json ----
2025-3-6 14:31:24-debug: [Build Memory track]: 整理部分构建选项内数据到 settings.json start:179.60MB, end 179.61MB, increase: 15.51KB
2025-3-6 14:31:24-debug: run build task 整理部分构建选项内数据到 settings.json success in √, progress: 12%
2025-3-6 14:31:24-debug: // ---- build task 填充脚本数据到 settings.json ----
2025-3-6 14:31:24-debug: 填充脚本数据到 settings.json start, progress: 12%
2025-3-6 14:31:24-debug: run build task 填充脚本数据到 settings.json success in √, progress: 13%
2025-3-6 14:31:24-debug: [Build Memory track]: 填充脚本数据到 settings.json start:179.64MB, end 179.66MB, increase: 17.67KB
2025-3-6 14:31:24-debug: // ---- build task 整理部分构建选项内数据到 settings.json ----
2025-3-6 14:31:24-debug: 整理部分构建选项内数据到 settings.json start, progress: 13%
2025-3-6 14:31:24-debug: // ---- build task 整理部分构建选项内数据到 settings.json ---- (1ms)
2025-3-6 14:31:24-debug: run build task 整理部分构建选项内数据到 settings.json success in 1 ms√, progress: 15%
2025-3-6 14:31:24-debug: [Build Memory track]: 整理部分构建选项内数据到 settings.json start:179.69MB, end 179.82MB, increase: 129.59KB
2025-3-6 14:32:33-debug: %cImport%c: G:\Cocos\KillGrass\PlayableMowGame\PlayableMowGame\assets\prefabs\Bullet.prefabbackground: #aaff85; color: #000;color: #000;
2025-3-6 14:32:33-debug: asset-db:reimport-assetc70a256d-1ce6-4903-8f55-b65244530c62 (3ms)
2025-3-6 14:32:33-debug: refresh db internal success
2025-3-6 14:32:33-debug: Run asset db hook engine-extends:afterRefresh success!
2025-3-6 14:32:33-debug: refresh db assets success
2025-3-6 14:32:33-debug: Run asset db hook engine-extends:afterRefresh ...
2025-3-6 14:32:33-debug: asset-db:refresh-all-database (68ms)
2025-3-6 14:32:33-debug: asset-db:worker-effect-data-processing (1ms)
2025-3-6 14:32:33-debug: asset-db-hook-engine-extends-afterRefresh (1ms)
2025-3-6 14:33:39-debug: refresh db internal success
2025-3-6 14:33:39-debug: %cImport%c: G:\Cocos\KillGrass\PlayableMowGame\PlayableMowGame\assets\scripts\Enemy.tsbackground: #aaff85; color: #000;color: #000;
2025-3-6 14:33:39-debug: refresh db assets success
2025-3-6 14:33:39-debug: Run asset db hook engine-extends:afterRefresh ...
2025-3-6 14:33:39-debug: Run asset db hook engine-extends:afterRefresh success!
2025-3-6 14:33:39-debug: asset-db:refresh-all-database (81ms)
2025-3-6 14:33:39-debug: asset-db:worker-effect-data-processing (-1ms)
2025-3-6 14:33:39-debug: asset-db-hook-engine-extends-afterRefresh (1ms)
2025-3-6 14:33:39-debug: Query all assets info in project
2025-3-6 14:33:39-debug: init custom config: keepNodeUuid: false, useCache: true
2025-3-6 14:33:39-debug: 查询 Asset Bundle start, progress: 0%
2025-3-6 14:33:39-debug: // ---- build task 查询 Asset Bundle ----
2025-3-6 14:33:39-debug: Query preload assets/scripts from cc.config.json: 60f7195c-ec2a-45eb-ba94-8955f60e81d0,1c02ae6f-4492-4915-b8f8-7492a3b1e4cd,810e96e4-e456-4468-9b59-f4e8f39732c0,efe8e2a3-eace-427b-b4f1-cb8a937ec77d,e9aa9a3e-5b2b-4ac7-a2c7-073de2b2b24f,8bbdbcdd-5cd4-4100-b6d5-b7c9625b6107,50f4348b-c883-4e2f-8f11-ce233b859fa1,fda095cb-831d-4601-ad94-846013963de8,f92806d7-1768-443f-afe8-12bcde84d0f0,dd3a144d-ab7f-41f0-82b8-2e43a090d496,f0416e68-0200-4b77-a926-4f9d16e494da,970b0598-bcb0-4714-91fb-2e81440dccd8,bcd64cc6-2dd9-43f6-abbe-66318d332032,d930590d-bb92-4cc8-8bd1-23cd027f9edf,a3cd009f-0ab0-420d-9278-b9fdab939bbc,6a2d0734-bd9e-4ddf-946e-caa52498cb75,c27215d8-6835-4b68-bfbb-bdeac6100c04,b5d6115f-0370-4d7c-aad3-c194cc71cf98,871c3b6c-7379-419d-bda3-794b239ab90d,ff9b0199-ce04-4cfe-86cc-6c719f08d6e4,de1c2107-70c8-4021-8459-6399f24d01c6,cbf30902-517f-40dc-af90-a550bac27cf1
2025-3-6 14:33:39-debug:   Number of all scripts: 12
2025-3-6 14:33:39-debug:   Number of other assets: 549
2025-3-6 14:33:39-debug:   Number of all scenes: 1
2025-3-6 14:33:39-debug: [Build Memory track]: 查询 Asset Bundle start:167.71MB, end 167.52MB, increase: -197.18KB
2025-3-6 14:33:39-debug: // ---- build task 查询 Asset Bundle ---- (2ms)
2025-3-6 14:33:39-debug: run build task 查询 Asset Bundle success in 2 ms√, progress: 5%
2025-3-6 14:33:39-debug: 查询 Asset Bundle start, progress: 5%
2025-3-6 14:33:39-debug: // ---- build task 查询 Asset Bundle ----
2025-3-6 14:33:39-debug: run build task 查询 Asset Bundle success in √, progress: 10%
2025-3-6 14:33:39-debug: [Build Memory track]: 查询 Asset Bundle start:167.55MB, end 167.64MB, increase: 94.73KB
2025-3-6 14:33:39-debug: 整理部分构建选项内数据到 settings.json start, progress: 10%
2025-3-6 14:33:39-debug: // ---- build task 整理部分构建选项内数据到 settings.json ----
2025-3-6 14:33:39-debug: // ---- build task 整理部分构建选项内数据到 settings.json ---- (-1ms)
2025-3-6 14:33:39-debug: run build task 整理部分构建选项内数据到 settings.json success in -1 h -1 min -1 s√, progress: 12%
2025-3-6 14:33:39-debug: [Build Memory track]: 整理部分构建选项内数据到 settings.json start:167.67MB, end 167.70MB, increase: 25.84KB
2025-3-6 14:33:39-debug: 填充脚本数据到 settings.json start, progress: 12%
2025-3-6 14:33:39-debug: // ---- build task 填充脚本数据到 settings.json ----
2025-3-6 14:33:39-debug: run build task 填充脚本数据到 settings.json success in -1 h -1 min -1 s√, progress: 13%
2025-3-6 14:33:39-debug: [Build Memory track]: 填充脚本数据到 settings.json start:167.73MB, end 167.76MB, increase: 27.98KB
2025-3-6 14:33:39-debug: // ---- build task 填充脚本数据到 settings.json ---- (-1ms)
2025-3-6 14:33:39-debug: 整理部分构建选项内数据到 settings.json start, progress: 13%
2025-3-6 14:33:39-debug: // ---- build task 整理部分构建选项内数据到 settings.json ----
2025-3-6 14:33:39-debug: run build task 整理部分构建选项内数据到 settings.json success in √, progress: 15%
2025-3-6 14:33:39-debug: [Build Memory track]: 整理部分构建选项内数据到 settings.json start:167.79MB, end 167.91MB, increase: 132.06KB
2025-3-6 14:34:51-debug: refresh db internal success
2025-3-6 14:34:51-debug: %cImport%c: G:\Cocos\KillGrass\PlayableMowGame\PlayableMowGame\assets\scripts\Enemy.tsbackground: #aaff85; color: #000;color: #000;
2025-3-6 14:34:51-debug: refresh db assets success
2025-3-6 14:34:51-debug: Run asset db hook engine-extends:afterRefresh success!
2025-3-6 14:34:51-debug: Run asset db hook engine-extends:afterRefresh ...
2025-3-6 14:34:51-debug: asset-db:worker-effect-data-processing (2ms)
2025-3-6 14:34:51-debug: asset-db:refresh-all-database (71ms)
2025-3-6 14:34:51-debug: asset-db-hook-engine-extends-afterRefresh (2ms)
2025-3-6 14:34:52-debug: Query all assets info in project
2025-3-6 14:34:52-debug: init custom config: keepNodeUuid: false, useCache: true
2025-3-6 14:34:52-debug: 查询 Asset Bundle start, progress: 0%
2025-3-6 14:34:52-debug: // ---- build task 查询 Asset Bundle ----
2025-3-6 14:34:52-debug:   Number of all scripts: 12
2025-3-6 14:34:52-debug: Query preload assets/scripts from cc.config.json: 60f7195c-ec2a-45eb-ba94-8955f60e81d0,1c02ae6f-4492-4915-b8f8-7492a3b1e4cd,810e96e4-e456-4468-9b59-f4e8f39732c0,efe8e2a3-eace-427b-b4f1-cb8a937ec77d,e9aa9a3e-5b2b-4ac7-a2c7-073de2b2b24f,8bbdbcdd-5cd4-4100-b6d5-b7c9625b6107,50f4348b-c883-4e2f-8f11-ce233b859fa1,fda095cb-831d-4601-ad94-846013963de8,f92806d7-1768-443f-afe8-12bcde84d0f0,dd3a144d-ab7f-41f0-82b8-2e43a090d496,f0416e68-0200-4b77-a926-4f9d16e494da,970b0598-bcb0-4714-91fb-2e81440dccd8,bcd64cc6-2dd9-43f6-abbe-66318d332032,d930590d-bb92-4cc8-8bd1-23cd027f9edf,a3cd009f-0ab0-420d-9278-b9fdab939bbc,6a2d0734-bd9e-4ddf-946e-caa52498cb75,c27215d8-6835-4b68-bfbb-bdeac6100c04,b5d6115f-0370-4d7c-aad3-c194cc71cf98,871c3b6c-7379-419d-bda3-794b239ab90d,ff9b0199-ce04-4cfe-86cc-6c719f08d6e4,de1c2107-70c8-4021-8459-6399f24d01c6,cbf30902-517f-40dc-af90-a550bac27cf1
2025-3-6 14:34:52-debug:   Number of other assets: 549
2025-3-6 14:34:52-debug:   Number of all scenes: 1
2025-3-6 14:34:52-debug: // ---- build task 查询 Asset Bundle ---- (3ms)
2025-3-6 14:34:52-debug: run build task 查询 Asset Bundle success in 3 ms√, progress: 5%
2025-3-6 14:34:52-debug: [Build Memory track]: 查询 Asset Bundle start:168.76MB, end 169.42MB, increase: 680.09KB
2025-3-6 14:34:52-debug: 查询 Asset Bundle start, progress: 5%
2025-3-6 14:34:52-debug: // ---- build task 查询 Asset Bundle ----
2025-3-6 14:34:52-debug: // ---- build task 查询 Asset Bundle ---- (1ms)
2025-3-6 14:34:52-debug: 整理部分构建选项内数据到 settings.json start, progress: 10%
2025-3-6 14:34:52-debug: [Build Memory track]: 查询 Asset Bundle start:169.45MB, end 169.55MB, increase: 103.96KB
2025-3-6 14:34:52-debug: run build task 查询 Asset Bundle success in 1 ms√, progress: 10%
2025-3-6 14:34:52-debug: // ---- build task 整理部分构建选项内数据到 settings.json ----
2025-3-6 14:34:52-debug: // ---- build task 整理部分构建选项内数据到 settings.json ---- (1ms)
2025-3-6 14:34:52-debug: [Build Memory track]: 整理部分构建选项内数据到 settings.json start:169.58MB, end 169.61MB, increase: 26.79KB
2025-3-6 14:34:52-debug: run build task 整理部分构建选项内数据到 settings.json success in 1 ms√, progress: 12%
2025-3-6 14:34:52-debug: 填充脚本数据到 settings.json start, progress: 12%
2025-3-6 14:34:52-debug: // ---- build task 填充脚本数据到 settings.json ----
2025-3-6 14:34:52-debug: [Build Memory track]: 填充脚本数据到 settings.json start:169.65MB, end 169.67MB, increase: 27.68KB
2025-3-6 14:34:52-debug: run build task 填充脚本数据到 settings.json success in 1 ms√, progress: 13%
2025-3-6 14:34:52-debug: // ---- build task 填充脚本数据到 settings.json ---- (1ms)
2025-3-6 14:34:52-debug: 整理部分构建选项内数据到 settings.json start, progress: 13%
2025-3-6 14:34:52-debug: // ---- build task 整理部分构建选项内数据到 settings.json ----
2025-3-6 14:34:52-debug: // ---- build task 整理部分构建选项内数据到 settings.json ---- (1ms)
2025-3-6 14:34:52-debug: run build task 整理部分构建选项内数据到 settings.json success in 1 ms√, progress: 15%
2025-3-6 14:34:52-debug: [Build Memory track]: 整理部分构建选项内数据到 settings.json start:169.70MB, end 169.84MB, increase: 142.24KB
2025-3-6 14:35:23-debug: %cImport%c: G:\Cocos\KillGrass\PlayableMowGame\PlayableMowGame\assets\Game.scenebackground: #aaff85; color: #000;color: #000;
2025-3-6 14:35:23-debug: asset-db:reimport-asset1248cd9a-17a5-4d76-9699-a1593ae4739b (4ms)
