2025-3-6 14:08:18-log: Cannot access game frame or container.
2025-3-6 14:08:19-debug: asset-db:require-engine-code (1266ms)
2025-3-6 14:08:19-log: [bullet]:bullet wasm lib loaded.
2025-3-6 14:08:19-log: meshopt wasm decoder initialized
2025-3-6 14:08:19-log: [box2d]:box2d wasm lib loaded.
2025-3-6 14:08:19-log: Using legacy pipeline
2025-3-6 14:08:19-log: Forward render pipeline initialized.
2025-3-6 14:08:19-debug: [Assets Memory track]: asset-db-plugin-register: programming start:79.98MB, end 82.25MB, increase: 2.27MB
2025-3-6 14:08:19-debug: [Assets Memory track]: asset-db:worker-init: initEngine start:31.40MB, end 79.13MB, increase: 47.74MB
2025-3-6 14:08:19-log: Cocos Creator v3.8.5
2025-3-6 14:08:20-debug: [Assets Memory track]: asset-db-plugin-register: builder start:82.29MB, end 193.30MB, increase: 111.02MB
2025-3-6 14:08:20-debug: [Assets Memory track]: asset-db:worker-init: initPlugin start:79.16MB, end 196.48MB, increase: 117.32MB
2025-3-6 14:08:20-debug: [Assets Memory track]: asset-db-plugin-register: engine-extends start:193.52MB, end 196.38MB, increase: 2.86MB
2025-3-6 14:08:20-debug: [Assets Memory track]: asset-db-plugin-register: project start:79.85MB, end 196.45MB, increase: 116.60MB
2025-3-6 14:08:20-debug: asset-db:worker-init: initPlugin (1113ms)
2025-3-6 14:08:20-debug: [Assets Memory track]: asset-db:worker-init start:31.39MB, end 196.59MB, increase: 165.20MB
2025-3-6 14:08:20-debug: Run asset db hook programming:beforePreStart success!
2025-3-6 14:08:20-debug: Run asset db hook engine-extends:beforePreStart ...
2025-3-6 14:08:20-debug: Run asset db hook engine-extends:beforePreStart success!
2025-3-6 14:08:20-debug: Run asset db hook programming:beforePreStart ...
2025-3-6 14:08:20-debug: asset-db:worker-init (2534ms)
2025-3-6 14:08:20-debug: asset-db-hook-programming-beforePreStart (61ms)
2025-3-6 14:08:20-debug: asset-db-hook-engine-extends-beforePreStart (60ms)
2025-3-6 14:08:20-debug: Preimport db internal success
2025-3-6 14:08:20-debug: Preimport db assets success
2025-3-6 14:08:20-debug: Run asset db hook programming:afterPreStart ...
2025-3-6 14:08:20-debug: starting packer-driver...
2025-3-6 14:08:21-debug: initialize scripting environment...
2025-3-6 14:08:21-debug: [[Executor]] prepare before lock
2025-3-6 14:08:21-debug: Set detail map pack:///resolution-detail-map.json: {}
2025-3-6 14:08:21-debug: Run asset db hook programming:afterPreStart success!
2025-3-6 14:08:21-debug: [[Executor]] prepare after unlock
2025-3-6 14:08:21-debug: Run asset db hook engine-extends:afterPreStart ...
2025-3-6 14:08:21-debug: Run asset db hook engine-extends:afterPreStart success!
2025-3-6 14:08:21-debug: [Assets Memory track]: asset-db:worker-init: preStart start:196.60MB, end 198.17MB, increase: 1.57MB
2025-3-6 14:08:21-debug: Start up the 'internal' database...
2025-3-6 14:08:21-debug: asset-db:worker-effect-data-processing (312ms)
2025-3-6 14:08:21-debug: asset-db-hook-programming-afterPreStart (755ms)
2025-3-6 14:08:21-debug: asset-db-hook-engine-extends-afterPreStart (312ms)
2025-3-6 14:08:21-debug: [Assets Memory track]: asset-db:worker-startup-database[internal] start:196.69MB, end 210.92MB, increase: 14.23MB
2025-3-6 14:08:21-debug: Start up the 'assets' database...
2025-3-6 14:08:21-debug: asset-db:worker-startup-database[internal] (925ms)
2025-3-6 14:08:21-debug: [Assets Memory track]: asset-db:worker-init: startup start:198.18MB, end 213.06MB, increase: 14.87MB
2025-3-6 14:08:21-debug: [Assets Memory track]: asset-db:worker-startup-database[assets] start:196.97MB, end 213.04MB, increase: 16.07MB
2025-3-6 14:08:21-debug: lazy register asset handler directory
2025-3-6 14:08:21-debug: lazy register asset handler *
2025-3-6 14:08:21-debug: lazy register asset handler text
2025-3-6 14:08:21-debug: lazy register asset handler spine-data
2025-3-6 14:08:21-debug: lazy register asset handler dragonbones-atlas
2025-3-6 14:08:21-debug: lazy register asset handler terrain
2025-3-6 14:08:21-debug: lazy register asset handler dragonbones
2025-3-6 14:08:21-debug: lazy register asset handler typescript
2025-3-6 14:08:21-debug: lazy register asset handler javascript
2025-3-6 14:08:21-debug: lazy register asset handler scene
2025-3-6 14:08:21-debug: lazy register asset handler prefab
2025-3-6 14:08:21-debug: lazy register asset handler sprite-frame
2025-3-6 14:08:21-debug: lazy register asset handler json
2025-3-6 14:08:21-debug: lazy register asset handler buffer
2025-3-6 14:08:21-debug: lazy register asset handler tiled-map
2025-3-6 14:08:21-debug: lazy register asset handler image
2025-3-6 14:08:21-debug: lazy register asset handler sign-image
2025-3-6 14:08:21-debug: lazy register asset handler alpha-image
2025-3-6 14:08:21-debug: lazy register asset handler texture-cube
2025-3-6 14:08:21-debug: lazy register asset handler texture
2025-3-6 14:08:21-debug: lazy register asset handler erp-texture-cube
2025-3-6 14:08:21-debug: lazy register asset handler render-texture
2025-3-6 14:08:21-debug: lazy register asset handler texture-cube-face
2025-3-6 14:08:21-debug: lazy register asset handler rt-sprite-frame
2025-3-6 14:08:21-debug: lazy register asset handler gltf
2025-3-6 14:08:21-debug: lazy register asset handler gltf-mesh
2025-3-6 14:08:21-debug: lazy register asset handler gltf-animation
2025-3-6 14:08:21-debug: lazy register asset handler gltf-skeleton
2025-3-6 14:08:21-debug: lazy register asset handler gltf-material
2025-3-6 14:08:21-debug: lazy register asset handler gltf-embeded-image
2025-3-6 14:08:21-debug: lazy register asset handler fbx
2025-3-6 14:08:21-debug: lazy register asset handler gltf-scene
2025-3-6 14:08:21-debug: lazy register asset handler material
2025-3-6 14:08:21-debug: lazy register asset handler physics-material
2025-3-6 14:08:21-debug: lazy register asset handler effect
2025-3-6 14:08:21-debug: lazy register asset handler audio-clip
2025-3-6 14:08:21-debug: lazy register asset handler effect-header
2025-3-6 14:08:21-debug: lazy register asset handler animation-clip
2025-3-6 14:08:21-debug: lazy register asset handler animation-graph-variant
2025-3-6 14:08:21-debug: lazy register asset handler animation-graph
2025-3-6 14:08:21-debug: lazy register asset handler ttf-font
2025-3-6 14:08:21-debug: lazy register asset handler animation-mask
2025-3-6 14:08:21-debug: lazy register asset handler bitmap-font
2025-3-6 14:08:21-debug: lazy register asset handler particle
2025-3-6 14:08:21-debug: lazy register asset handler sprite-atlas
2025-3-6 14:08:21-debug: lazy register asset handler render-pipeline
2025-3-6 14:08:21-debug: lazy register asset handler label-atlas
2025-3-6 14:08:21-debug: lazy register asset handler auto-atlas
2025-3-6 14:08:21-debug: lazy register asset handler render-stage
2025-3-6 14:08:21-debug: lazy register asset handler render-flow
2025-3-6 14:08:21-debug: lazy register asset handler instantiation-material
2025-3-6 14:08:21-debug: lazy register asset handler instantiation-mesh
2025-3-6 14:08:21-debug: lazy register asset handler instantiation-skeleton
2025-3-6 14:08:21-debug: lazy register asset handler instantiation-animation
2025-3-6 14:08:21-debug: lazy register asset handler video-clip
2025-3-6 14:08:21-debug: asset-db:worker-startup-database[assets] (876ms)
2025-3-6 14:08:21-debug: asset-db:start-database (979ms)
2025-3-6 14:08:21-debug: asset-db:ready (6104ms)
2025-3-6 14:08:21-debug: init worker message success
2025-3-6 14:08:21-debug: programming:execute-script (4ms)
2025-3-6 14:08:21-debug: [Build Memory track]: builder:worker-init start:213.18MB, end 224.28MB, increase: 11.10MB
2025-3-6 14:08:21-debug: builder:worker-init (398ms)
2025-3-6 14:08:25-debug: Query all assets info in project
2025-3-6 14:08:25-debug: init custom config: keepNodeUuid: false, useCache: true
2025-3-6 14:08:25-debug: 查询 Asset Bundle start, progress: 0%
2025-3-6 14:08:25-debug: // ---- build task 查询 Asset Bundle ----
2025-3-6 14:08:25-debug: Query preload assets/scripts from cc.config.json: 60f7195c-ec2a-45eb-ba94-8955f60e81d0,1c02ae6f-4492-4915-b8f8-7492a3b1e4cd,810e96e4-e456-4468-9b59-f4e8f39732c0,efe8e2a3-eace-427b-b4f1-cb8a937ec77d,e9aa9a3e-5b2b-4ac7-a2c7-073de2b2b24f,8bbdbcdd-5cd4-4100-b6d5-b7c9625b6107,50f4348b-c883-4e2f-8f11-ce233b859fa1,fda095cb-831d-4601-ad94-846013963de8,f92806d7-1768-443f-afe8-12bcde84d0f0,dd3a144d-ab7f-41f0-82b8-2e43a090d496,f0416e68-0200-4b77-a926-4f9d16e494da,970b0598-bcb0-4714-91fb-2e81440dccd8,bcd64cc6-2dd9-43f6-abbe-66318d332032,d930590d-bb92-4cc8-8bd1-23cd027f9edf,a3cd009f-0ab0-420d-9278-b9fdab939bbc,6a2d0734-bd9e-4ddf-946e-caa52498cb75,c27215d8-6835-4b68-bfbb-bdeac6100c04,b5d6115f-0370-4d7c-aad3-c194cc71cf98,871c3b6c-7379-419d-bda3-794b239ab90d,ff9b0199-ce04-4cfe-86cc-6c719f08d6e4,de1c2107-70c8-4021-8459-6399f24d01c6,cbf30902-517f-40dc-af90-a550bac27cf1
2025-3-6 14:08:25-debug:   Number of all scenes: 1
2025-3-6 14:08:25-debug:   Number of other assets: 549
2025-3-6 14:08:25-debug:   Number of all scripts: 11
2025-3-6 14:08:25-debug: // ---- build task 查询 Asset Bundle ---- (4ms)
2025-3-6 14:08:25-debug: run build task 查询 Asset Bundle success in 4 ms√, progress: 5%
2025-3-6 14:08:25-debug: [Build Memory track]: 查询 Asset Bundle start:227.50MB, end 228.27MB, increase: 780.08KB
2025-3-6 14:08:25-debug: 查询 Asset Bundle start, progress: 5%
2025-3-6 14:08:25-debug: // ---- build task 查询 Asset Bundle ----
2025-3-6 14:08:25-debug: // ---- build task 查询 Asset Bundle ---- (1ms)
2025-3-6 14:08:25-debug: run build task 查询 Asset Bundle success in 1 ms√, progress: 10%
2025-3-6 14:08:25-debug: [Build Memory track]: 查询 Asset Bundle start:228.30MB, end 228.42MB, increase: 123.50KB
2025-3-6 14:08:25-debug: 整理部分构建选项内数据到 settings.json start, progress: 10%
2025-3-6 14:08:25-debug: // ---- build task 整理部分构建选项内数据到 settings.json ----
2025-3-6 14:08:25-debug: run build task 整理部分构建选项内数据到 settings.json success in √, progress: 12%
2025-3-6 14:08:25-debug: 填充脚本数据到 settings.json start, progress: 12%
2025-3-6 14:08:25-debug: // ---- build task 填充脚本数据到 settings.json ----
2025-3-6 14:08:25-debug: [Build Memory track]: 整理部分构建选项内数据到 settings.json start:228.46MB, end 228.48MB, increase: 18.53KB
2025-3-6 14:08:25-debug: [Build Memory track]: 填充脚本数据到 settings.json start:228.52MB, end 228.54MB, increase: 21.03KB
2025-3-6 14:08:25-debug: run build task 填充脚本数据到 settings.json success in √, progress: 13%
2025-3-6 14:08:25-debug: // ---- build task 整理部分构建选项内数据到 settings.json ----
2025-3-6 14:08:25-debug: 整理部分构建选项内数据到 settings.json start, progress: 13%
2025-3-6 14:08:25-debug: // ---- build task 整理部分构建选项内数据到 settings.json ---- (2ms)
2025-3-6 14:08:25-debug: run build task 整理部分构建选项内数据到 settings.json success in 2 ms√, progress: 15%
2025-3-6 14:08:25-debug: [Build Memory track]: 整理部分构建选项内数据到 settings.json start:228.58MB, end 228.72MB, increase: 144.95KB
2025-3-6 14:08:25-debug: Query all assets info in project
2025-3-6 14:08:25-debug: Query all assets info in project
2025-3-6 14:08:25-debug: init custom config: keepNodeUuid: false, useCache: true
2025-3-6 14:08:25-debug: init custom config: keepNodeUuid: false, useCache: true
2025-3-6 14:08:25-debug: // ---- build task 查询 Asset Bundle ----
2025-3-6 14:08:25-debug: 查询 Asset Bundle start, progress: 0%
2025-3-6 14:08:25-debug: 查询 Asset Bundle start, progress: 0%
2025-3-6 14:08:25-debug: // ---- build task 查询 Asset Bundle ----
2025-3-6 14:08:25-debug:   Number of all scenes: 1
2025-3-6 14:08:25-debug: Query preload assets/scripts from cc.config.json: 60f7195c-ec2a-45eb-ba94-8955f60e81d0,1c02ae6f-4492-4915-b8f8-7492a3b1e4cd,810e96e4-e456-4468-9b59-f4e8f39732c0,efe8e2a3-eace-427b-b4f1-cb8a937ec77d,e9aa9a3e-5b2b-4ac7-a2c7-073de2b2b24f,8bbdbcdd-5cd4-4100-b6d5-b7c9625b6107,50f4348b-c883-4e2f-8f11-ce233b859fa1,fda095cb-831d-4601-ad94-846013963de8,f92806d7-1768-443f-afe8-12bcde84d0f0,dd3a144d-ab7f-41f0-82b8-2e43a090d496,f0416e68-0200-4b77-a926-4f9d16e494da,970b0598-bcb0-4714-91fb-2e81440dccd8,bcd64cc6-2dd9-43f6-abbe-66318d332032,d930590d-bb92-4cc8-8bd1-23cd027f9edf,a3cd009f-0ab0-420d-9278-b9fdab939bbc,6a2d0734-bd9e-4ddf-946e-caa52498cb75,c27215d8-6835-4b68-bfbb-bdeac6100c04,b5d6115f-0370-4d7c-aad3-c194cc71cf98,871c3b6c-7379-419d-bda3-794b239ab90d,ff9b0199-ce04-4cfe-86cc-6c719f08d6e4,de1c2107-70c8-4021-8459-6399f24d01c6,cbf30902-517f-40dc-af90-a550bac27cf1
2025-3-6 14:08:25-debug:   Number of all scripts: 11
2025-3-6 14:08:25-debug:   Number of other assets: 549
2025-3-6 14:08:25-debug: [Build Memory track]: 查询 Asset Bundle start:229.37MB, end 230.07MB, increase: 711.03KB
2025-3-6 14:08:25-debug: // ---- build task 查询 Asset Bundle ---- (3ms)
2025-3-6 14:08:25-debug: run build task 查询 Asset Bundle success in 3 ms√, progress: 5%
2025-3-6 14:08:25-debug: 查询 Asset Bundle start, progress: 5%
2025-3-6 14:08:25-debug: // ---- build task 查询 Asset Bundle ----
2025-3-6 14:08:25-debug: Query preload assets/scripts from cc.config.json: 60f7195c-ec2a-45eb-ba94-8955f60e81d0,1c02ae6f-4492-4915-b8f8-7492a3b1e4cd,810e96e4-e456-4468-9b59-f4e8f39732c0,efe8e2a3-eace-427b-b4f1-cb8a937ec77d,e9aa9a3e-5b2b-4ac7-a2c7-073de2b2b24f,8bbdbcdd-5cd4-4100-b6d5-b7c9625b6107,50f4348b-c883-4e2f-8f11-ce233b859fa1,fda095cb-831d-4601-ad94-846013963de8,f92806d7-1768-443f-afe8-12bcde84d0f0,dd3a144d-ab7f-41f0-82b8-2e43a090d496,f0416e68-0200-4b77-a926-4f9d16e494da,970b0598-bcb0-4714-91fb-2e81440dccd8,bcd64cc6-2dd9-43f6-abbe-66318d332032,d930590d-bb92-4cc8-8bd1-23cd027f9edf,a3cd009f-0ab0-420d-9278-b9fdab939bbc,6a2d0734-bd9e-4ddf-946e-caa52498cb75,c27215d8-6835-4b68-bfbb-bdeac6100c04,b5d6115f-0370-4d7c-aad3-c194cc71cf98,871c3b6c-7379-419d-bda3-794b239ab90d,ff9b0199-ce04-4cfe-86cc-6c719f08d6e4,de1c2107-70c8-4021-8459-6399f24d01c6,cbf30902-517f-40dc-af90-a550bac27cf1
2025-3-6 14:08:25-debug:   Number of all scripts: 11
2025-3-6 14:08:25-debug:   Number of other assets: 549
2025-3-6 14:08:25-debug:   Number of all scenes: 1
2025-3-6 14:08:25-debug: // ---- build task 查询 Asset Bundle ---- (2ms)
2025-3-6 14:08:25-debug: run build task 查询 Asset Bundle success in 2 ms√, progress: 5%
2025-3-6 14:08:25-debug: [Build Memory track]: 查询 Asset Bundle start:230.10MB, end 224.49MB, increase: -5750.27KB
2025-3-6 14:08:25-debug: 查询 Asset Bundle start, progress: 5%
2025-3-6 14:08:25-debug: // ---- build task 查询 Asset Bundle ----
2025-3-6 14:08:25-debug: 整理部分构建选项内数据到 settings.json start, progress: 10%
2025-3-6 14:08:25-debug: [Build Memory track]: 查询 Asset Bundle start:224.53MB, end 224.70MB, increase: 177.10KB
2025-3-6 14:08:25-debug: // ---- build task 整理部分构建选项内数据到 settings.json ----
2025-3-6 14:08:25-debug: run build task 查询 Asset Bundle success in √, progress: 10%
2025-3-6 14:08:25-debug: run build task 查询 Asset Bundle success in √, progress: 10%
2025-3-6 14:08:25-debug: 整理部分构建选项内数据到 settings.json start, progress: 10%
2025-3-6 14:08:25-debug: // ---- build task 整理部分构建选项内数据到 settings.json ----
2025-3-6 14:08:25-debug: [Build Memory track]: 整理部分构建选项内数据到 settings.json start:224.79MB, end 224.81MB, increase: 18.52KB
2025-3-6 14:08:25-debug: 填充脚本数据到 settings.json start, progress: 12%
2025-3-6 14:08:25-debug: run build task 整理部分构建选项内数据到 settings.json success in √, progress: 12%
2025-3-6 14:08:25-debug: // ---- build task 填充脚本数据到 settings.json ----
2025-3-6 14:08:25-debug: run build task 整理部分构建选项内数据到 settings.json success in √, progress: 12%
2025-3-6 14:08:25-debug: 填充脚本数据到 settings.json start, progress: 12%
2025-3-6 14:08:25-debug: // ---- build task 填充脚本数据到 settings.json ----
2025-3-6 14:08:25-debug: // ---- build task 填充脚本数据到 settings.json ---- (1ms)
2025-3-6 14:08:25-debug: [Build Memory track]: 填充脚本数据到 settings.json start:224.90MB, end 224.93MB, increase: 34.96KB
2025-3-6 14:08:25-debug: run build task 填充脚本数据到 settings.json success in 1 ms√, progress: 13%
2025-3-6 14:08:25-debug: 整理部分构建选项内数据到 settings.json start, progress: 13%
2025-3-6 14:08:25-debug: // ---- build task 整理部分构建选项内数据到 settings.json ----
2025-3-6 14:08:25-debug: run build task 填充脚本数据到 settings.json success in √, progress: 13%
2025-3-6 14:08:25-debug: 整理部分构建选项内数据到 settings.json start, progress: 13%
2025-3-6 14:08:25-debug: // ---- build task 整理部分构建选项内数据到 settings.json ----
2025-3-6 14:08:25-debug: // ---- build task 整理部分构建选项内数据到 settings.json ---- (2ms)
2025-3-6 14:08:25-debug: run build task 整理部分构建选项内数据到 settings.json success in 2 ms√, progress: 15%
2025-3-6 14:08:25-debug: [Build Memory track]: 整理部分构建选项内数据到 settings.json start:225.45MB, end 225.19MB, increase: -271.35KB
2025-3-6 14:08:25-debug: run build task 整理部分构建选项内数据到 settings.json success in √, progress: 15%
2025-3-6 14:08:36-debug: Query all assets info in project
2025-3-6 14:08:36-debug: init custom config: keepNodeUuid: false, useCache: true
2025-3-6 14:08:36-debug: 查询 Asset Bundle start, progress: 0%
2025-3-6 14:08:36-debug: // ---- build task 查询 Asset Bundle ----
2025-3-6 14:08:36-debug:   Number of all scenes: 1
2025-3-6 14:08:36-debug:   Number of all scripts: 11
2025-3-6 14:08:36-debug: Query preload assets/scripts from cc.config.json: 60f7195c-ec2a-45eb-ba94-8955f60e81d0,1c02ae6f-4492-4915-b8f8-7492a3b1e4cd,810e96e4-e456-4468-9b59-f4e8f39732c0,efe8e2a3-eace-427b-b4f1-cb8a937ec77d,e9aa9a3e-5b2b-4ac7-a2c7-073de2b2b24f,8bbdbcdd-5cd4-4100-b6d5-b7c9625b6107,50f4348b-c883-4e2f-8f11-ce233b859fa1,fda095cb-831d-4601-ad94-846013963de8,f92806d7-1768-443f-afe8-12bcde84d0f0,dd3a144d-ab7f-41f0-82b8-2e43a090d496,f0416e68-0200-4b77-a926-4f9d16e494da,970b0598-bcb0-4714-91fb-2e81440dccd8,bcd64cc6-2dd9-43f6-abbe-66318d332032,d930590d-bb92-4cc8-8bd1-23cd027f9edf,a3cd009f-0ab0-420d-9278-b9fdab939bbc,6a2d0734-bd9e-4ddf-946e-caa52498cb75,c27215d8-6835-4b68-bfbb-bdeac6100c04,b5d6115f-0370-4d7c-aad3-c194cc71cf98,871c3b6c-7379-419d-bda3-794b239ab90d,ff9b0199-ce04-4cfe-86cc-6c719f08d6e4,de1c2107-70c8-4021-8459-6399f24d01c6,cbf30902-517f-40dc-af90-a550bac27cf1
2025-3-6 14:08:36-debug:   Number of other assets: 549
2025-3-6 14:08:36-debug: // ---- build task 查询 Asset Bundle ---- (3ms)
2025-3-6 14:08:36-debug: 查询 Asset Bundle start, progress: 5%
2025-3-6 14:08:36-debug: run build task 查询 Asset Bundle success in 3 ms√, progress: 5%
2025-3-6 14:08:36-debug: // ---- build task 查询 Asset Bundle ----
2025-3-6 14:08:36-debug: [Build Memory track]: 查询 Asset Bundle start:165.36MB, end 165.13MB, increase: -231.66KB
2025-3-6 14:08:36-debug: run build task 查询 Asset Bundle success in √, progress: 10%
2025-3-6 14:08:36-debug: [Build Memory track]: 查询 Asset Bundle start:165.17MB, end 165.27MB, increase: 98.40KB
2025-3-6 14:08:36-debug: // ---- build task 整理部分构建选项内数据到 settings.json ----
2025-3-6 14:08:36-debug: 整理部分构建选项内数据到 settings.json start, progress: 10%
2025-3-6 14:08:36-debug: run build task 整理部分构建选项内数据到 settings.json success in √, progress: 12%
2025-3-6 14:08:36-debug: [Build Memory track]: 整理部分构建选项内数据到 settings.json start:165.30MB, end 165.32MB, increase: 18.25KB
2025-3-6 14:08:36-debug: 填充脚本数据到 settings.json start, progress: 12%
2025-3-6 14:08:36-debug: // ---- build task 填充脚本数据到 settings.json ----
2025-3-6 14:08:36-debug: 整理部分构建选项内数据到 settings.json start, progress: 13%
2025-3-6 14:08:36-debug: [Build Memory track]: 填充脚本数据到 settings.json start:165.36MB, end 165.38MB, increase: 21.52KB
2025-3-6 14:08:36-debug: run build task 填充脚本数据到 settings.json success in √, progress: 13%
2025-3-6 14:08:36-debug: // ---- build task 整理部分构建选项内数据到 settings.json ----
2025-3-6 14:08:36-debug: [Build Memory track]: 整理部分构建选项内数据到 settings.json start:165.42MB, end 165.56MB, increase: 148.48KB
2025-3-6 14:08:36-debug: // ---- build task 整理部分构建选项内数据到 settings.json ---- (2ms)
2025-3-6 14:08:36-debug: run build task 整理部分构建选项内数据到 settings.json success in 2 ms√, progress: 15%
2025-3-6 14:08:55-debug: refresh db internal success
2025-3-6 14:08:55-debug: %cImport%c: G:\Cocos\KillGrass\PlayableMowGame\PlayableMowGame\assets\scripts\GameManager.tsbackground: #aaff85; color: #000;color: #000;
2025-3-6 14:08:55-debug: Run asset db hook engine-extends:afterRefresh ...
2025-3-6 14:08:55-debug: Run asset db hook engine-extends:afterRefresh success!
2025-3-6 14:08:55-debug: refresh db assets success
2025-3-6 14:08:55-debug: asset-db:refresh-all-database (65ms)
2025-3-6 14:08:57-debug: Query all assets info in project
2025-3-6 14:08:57-debug: init custom config: keepNodeUuid: false, useCache: true
2025-3-6 14:08:57-debug: 查询 Asset Bundle start, progress: 0%
2025-3-6 14:08:57-debug: // ---- build task 查询 Asset Bundle ----
2025-3-6 14:08:57-debug: Query preload assets/scripts from cc.config.json: 60f7195c-ec2a-45eb-ba94-8955f60e81d0,1c02ae6f-4492-4915-b8f8-7492a3b1e4cd,810e96e4-e456-4468-9b59-f4e8f39732c0,efe8e2a3-eace-427b-b4f1-cb8a937ec77d,e9aa9a3e-5b2b-4ac7-a2c7-073de2b2b24f,8bbdbcdd-5cd4-4100-b6d5-b7c9625b6107,50f4348b-c883-4e2f-8f11-ce233b859fa1,fda095cb-831d-4601-ad94-846013963de8,f92806d7-1768-443f-afe8-12bcde84d0f0,dd3a144d-ab7f-41f0-82b8-2e43a090d496,f0416e68-0200-4b77-a926-4f9d16e494da,970b0598-bcb0-4714-91fb-2e81440dccd8,bcd64cc6-2dd9-43f6-abbe-66318d332032,d930590d-bb92-4cc8-8bd1-23cd027f9edf,a3cd009f-0ab0-420d-9278-b9fdab939bbc,6a2d0734-bd9e-4ddf-946e-caa52498cb75,c27215d8-6835-4b68-bfbb-bdeac6100c04,b5d6115f-0370-4d7c-aad3-c194cc71cf98,871c3b6c-7379-419d-bda3-794b239ab90d,ff9b0199-ce04-4cfe-86cc-6c719f08d6e4,de1c2107-70c8-4021-8459-6399f24d01c6,cbf30902-517f-40dc-af90-a550bac27cf1
2025-3-6 14:08:57-debug:   Number of all scenes: 1
2025-3-6 14:08:57-debug:   Number of all scripts: 11
2025-3-6 14:08:57-debug:   Number of other assets: 549
2025-3-6 14:08:57-debug: // ---- build task 查询 Asset Bundle ---- (3ms)
2025-3-6 14:08:57-debug: 查询 Asset Bundle start, progress: 5%
2025-3-6 14:08:57-debug: [Build Memory track]: 查询 Asset Bundle start:166.81MB, end 166.64MB, increase: -174.68KB
2025-3-6 14:08:57-debug: run build task 查询 Asset Bundle success in 3 ms√, progress: 5%
2025-3-6 14:08:57-debug: // ---- build task 查询 Asset Bundle ----
2025-3-6 14:08:57-debug: run build task 查询 Asset Bundle success in √, progress: 10%
2025-3-6 14:08:57-debug: [Build Memory track]: 查询 Asset Bundle start:166.68MB, end 166.78MB, increase: 106.25KB
2025-3-6 14:08:57-debug: 整理部分构建选项内数据到 settings.json start, progress: 10%
2025-3-6 14:08:57-debug: // ---- build task 整理部分构建选项内数据到 settings.json ----
2025-3-6 14:08:57-debug: run build task 整理部分构建选项内数据到 settings.json success in √, progress: 12%
2025-3-6 14:08:57-debug: [Build Memory track]: 整理部分构建选项内数据到 settings.json start:166.82MB, end 166.85MB, increase: 26.89KB
2025-3-6 14:08:57-debug: 填充脚本数据到 settings.json start, progress: 12%
2025-3-6 14:08:57-debug: // ---- build task 填充脚本数据到 settings.json ----
2025-3-6 14:08:57-debug: [Build Memory track]: 填充脚本数据到 settings.json start:166.88MB, end 166.90MB, increase: 19.43KB
2025-3-6 14:08:57-debug: run build task 填充脚本数据到 settings.json success in √, progress: 13%
2025-3-6 14:08:57-debug: // ---- build task 整理部分构建选项内数据到 settings.json ----
2025-3-6 14:08:57-debug: 整理部分构建选项内数据到 settings.json start, progress: 13%
2025-3-6 14:08:57-debug: // ---- build task 整理部分构建选项内数据到 settings.json ---- (1ms)
2025-3-6 14:08:57-debug: run build task 整理部分构建选项内数据到 settings.json success in 1 ms√, progress: 15%
2025-3-6 14:08:57-debug: [Build Memory track]: 整理部分构建选项内数据到 settings.json start:166.94MB, end 166.35MB, increase: -606.32KB
2025-3-6 14:10:44-debug: refresh db internal success
2025-3-6 14:10:44-debug: %cImport%c: G:\Cocos\KillGrass\PlayableMowGame\PlayableMowGame\assets\scripts\GameManager.tsbackground: #aaff85; color: #000;color: #000;
2025-3-6 14:10:44-debug: Run asset db hook engine-extends:afterRefresh success!
2025-3-6 14:10:44-debug: refresh db assets success
2025-3-6 14:10:44-debug: Run asset db hook engine-extends:afterRefresh ...
2025-3-6 14:10:44-debug: asset-db:refresh-all-database (58ms)
2025-3-6 14:10:44-debug: asset-db:worker-effect-data-processing (1ms)
2025-3-6 14:10:44-debug: asset-db-hook-engine-extends-afterRefresh (2ms)
2025-3-6 14:10:46-debug: Query all assets info in project
2025-3-6 14:10:46-debug: init custom config: keepNodeUuid: false, useCache: true
2025-3-6 14:10:46-debug: 查询 Asset Bundle start, progress: 0%
2025-3-6 14:10:46-debug: // ---- build task 查询 Asset Bundle ----
2025-3-6 14:10:46-debug:   Number of all scenes: 1
2025-3-6 14:10:46-debug: Query preload assets/scripts from cc.config.json: 60f7195c-ec2a-45eb-ba94-8955f60e81d0,1c02ae6f-4492-4915-b8f8-7492a3b1e4cd,810e96e4-e456-4468-9b59-f4e8f39732c0,efe8e2a3-eace-427b-b4f1-cb8a937ec77d,e9aa9a3e-5b2b-4ac7-a2c7-073de2b2b24f,8bbdbcdd-5cd4-4100-b6d5-b7c9625b6107,50f4348b-c883-4e2f-8f11-ce233b859fa1,fda095cb-831d-4601-ad94-846013963de8,f92806d7-1768-443f-afe8-12bcde84d0f0,dd3a144d-ab7f-41f0-82b8-2e43a090d496,f0416e68-0200-4b77-a926-4f9d16e494da,970b0598-bcb0-4714-91fb-2e81440dccd8,bcd64cc6-2dd9-43f6-abbe-66318d332032,d930590d-bb92-4cc8-8bd1-23cd027f9edf,a3cd009f-0ab0-420d-9278-b9fdab939bbc,6a2d0734-bd9e-4ddf-946e-caa52498cb75,c27215d8-6835-4b68-bfbb-bdeac6100c04,b5d6115f-0370-4d7c-aad3-c194cc71cf98,871c3b6c-7379-419d-bda3-794b239ab90d,ff9b0199-ce04-4cfe-86cc-6c719f08d6e4,de1c2107-70c8-4021-8459-6399f24d01c6,cbf30902-517f-40dc-af90-a550bac27cf1
2025-3-6 14:10:46-debug:   Number of other assets: 549
2025-3-6 14:10:46-debug:   Number of all scripts: 11
2025-3-6 14:10:46-debug: run build task 查询 Asset Bundle success in 6 ms√, progress: 5%
2025-3-6 14:10:46-debug: // ---- build task 查询 Asset Bundle ---- (6ms)
2025-3-6 14:10:46-debug: 查询 Asset Bundle start, progress: 5%
2025-3-6 14:10:46-debug: // ---- build task 查询 Asset Bundle ----
2025-3-6 14:10:46-debug: [Build Memory track]: 查询 Asset Bundle start:168.45MB, end 168.21MB, increase: -250.81KB
2025-3-6 14:10:46-debug: // ---- build task 查询 Asset Bundle ---- (1ms)
2025-3-6 14:10:46-debug: [Build Memory track]: 查询 Asset Bundle start:168.24MB, end 168.34MB, increase: 104.55KB
2025-3-6 14:10:46-debug: 整理部分构建选项内数据到 settings.json start, progress: 10%
2025-3-6 14:10:46-debug: run build task 查询 Asset Bundle success in 1 ms√, progress: 10%
2025-3-6 14:10:46-debug: // ---- build task 整理部分构建选项内数据到 settings.json ----
2025-3-6 14:10:46-debug: // ---- build task 整理部分构建选项内数据到 settings.json ---- (2ms)
2025-3-6 14:10:46-debug: run build task 整理部分构建选项内数据到 settings.json success in 2 ms√, progress: 12%
2025-3-6 14:10:46-debug: [Build Memory track]: 整理部分构建选项内数据到 settings.json start:168.37MB, end 168.40MB, increase: 27.83KB
2025-3-6 14:10:46-debug: 填充脚本数据到 settings.json start, progress: 12%
2025-3-6 14:10:46-debug: // ---- build task 填充脚本数据到 settings.json ----
2025-3-6 14:10:46-debug: run build task 填充脚本数据到 settings.json success in 1 ms√, progress: 13%
2025-3-6 14:10:46-debug: // ---- build task 填充脚本数据到 settings.json ---- (1ms)
2025-3-6 14:10:46-debug: [Build Memory track]: 填充脚本数据到 settings.json start:168.43MB, end 168.45MB, increase: 25.91KB
2025-3-6 14:10:46-debug: 整理部分构建选项内数据到 settings.json start, progress: 13%
2025-3-6 14:10:46-debug: // ---- build task 整理部分构建选项内数据到 settings.json ----
2025-3-6 14:10:46-debug: run build task 整理部分构建选项内数据到 settings.json success in 3 ms√, progress: 15%
2025-3-6 14:10:46-debug: [Build Memory track]: 整理部分构建选项内数据到 settings.json start:168.48MB, end 167.87MB, increase: -631.65KB
2025-3-6 14:10:46-debug: // ---- build task 整理部分构建选项内数据到 settings.json ---- (3ms)
2025-3-6 14:11:00-debug: %cImport%c: G:\Cocos\KillGrass\PlayableMowGame\PlayableMowGame\assets\Game.scenebackground: #aaff85; color: #000;color: #000;
2025-3-6 14:11:00-debug: asset-db:reimport-asset1248cd9a-17a5-4d76-9699-a1593ae4739b (6ms)
2025-3-6 14:11:03-debug: %cImport%c: G:\Cocos\KillGrass\PlayableMowGame\PlayableMowGame\assets\prefabs\Enemy01.prefabbackground: #aaff85; color: #000;color: #000;
2025-3-6 14:11:03-debug: asset-db:reimport-asset96c324d8-5d9c-4b8c-a462-38906b8a1372 (4ms)
2025-3-6 14:13:07-debug: refresh db internal success
2025-3-6 14:13:07-debug: Run asset db hook engine-extends:afterRefresh ...
2025-3-6 14:13:07-debug: Run asset db hook engine-extends:afterRefresh success!
2025-3-6 14:13:07-debug: refresh db assets success
2025-3-6 14:13:07-debug: asset-db:refresh-all-database (60ms)
2025-3-6 14:13:07-debug: asset-db:worker-effect-data-processing (1ms)
2025-3-6 14:13:07-debug: asset-db-hook-engine-extends-afterRefresh (1ms)
2025-3-6 14:14:03-debug: refresh db internal success
2025-3-6 14:14:03-debug: Run asset db hook engine-extends:afterRefresh success!
2025-3-6 14:14:03-debug: Run asset db hook engine-extends:afterRefresh ...
2025-3-6 14:14:03-debug: refresh db assets success
2025-3-6 14:14:03-debug: asset-db:refresh-all-database (67ms)
2025-3-6 14:14:04-debug: Query all assets info in project
2025-3-6 14:14:04-debug: init custom config: keepNodeUuid: false, useCache: true
2025-3-6 14:14:04-debug: 查询 Asset Bundle start, progress: 0%
2025-3-6 14:14:04-debug: // ---- build task 查询 Asset Bundle ----
2025-3-6 14:14:04-debug:   Number of all scenes: 1
2025-3-6 14:14:04-debug:   Number of other assets: 549
2025-3-6 14:14:04-debug: Query preload assets/scripts from cc.config.json: 60f7195c-ec2a-45eb-ba94-8955f60e81d0,1c02ae6f-4492-4915-b8f8-7492a3b1e4cd,810e96e4-e456-4468-9b59-f4e8f39732c0,efe8e2a3-eace-427b-b4f1-cb8a937ec77d,e9aa9a3e-5b2b-4ac7-a2c7-073de2b2b24f,8bbdbcdd-5cd4-4100-b6d5-b7c9625b6107,50f4348b-c883-4e2f-8f11-ce233b859fa1,fda095cb-831d-4601-ad94-846013963de8,f92806d7-1768-443f-afe8-12bcde84d0f0,dd3a144d-ab7f-41f0-82b8-2e43a090d496,f0416e68-0200-4b77-a926-4f9d16e494da,970b0598-bcb0-4714-91fb-2e81440dccd8,bcd64cc6-2dd9-43f6-abbe-66318d332032,d930590d-bb92-4cc8-8bd1-23cd027f9edf,a3cd009f-0ab0-420d-9278-b9fdab939bbc,6a2d0734-bd9e-4ddf-946e-caa52498cb75,c27215d8-6835-4b68-bfbb-bdeac6100c04,b5d6115f-0370-4d7c-aad3-c194cc71cf98,871c3b6c-7379-419d-bda3-794b239ab90d,ff9b0199-ce04-4cfe-86cc-6c719f08d6e4,de1c2107-70c8-4021-8459-6399f24d01c6,cbf30902-517f-40dc-af90-a550bac27cf1
2025-3-6 14:14:04-debug:   Number of all scripts: 11
2025-3-6 14:14:04-debug: // ---- build task 查询 Asset Bundle ---- (3ms)
2025-3-6 14:14:04-debug: run build task 查询 Asset Bundle success in 3 ms√, progress: 5%
2025-3-6 14:14:04-debug: [Build Memory track]: 查询 Asset Bundle start:171.33MB, end 171.27MB, increase: -61.49KB
2025-3-6 14:14:04-debug: // ---- build task 查询 Asset Bundle ----
2025-3-6 14:14:04-debug: 查询 Asset Bundle start, progress: 5%
2025-3-6 14:14:04-debug: // ---- build task 查询 Asset Bundle ---- (1ms)
2025-3-6 14:14:04-debug: run build task 查询 Asset Bundle success in 1 ms√, progress: 10%
2025-3-6 14:14:04-debug: [Build Memory track]: 查询 Asset Bundle start:171.30MB, end 170.65MB, increase: -659.39KB
2025-3-6 14:14:04-debug: // ---- build task 整理部分构建选项内数据到 settings.json ----
2025-3-6 14:14:04-debug: 整理部分构建选项内数据到 settings.json start, progress: 10%
2025-3-6 14:14:04-debug: [Build Memory track]: 整理部分构建选项内数据到 settings.json start:170.68MB, end 170.70MB, increase: 16.29KB
2025-3-6 14:14:04-debug: run build task 整理部分构建选项内数据到 settings.json success in √, progress: 12%
2025-3-6 14:14:04-debug: // ---- build task 填充脚本数据到 settings.json ----
2025-3-6 14:14:04-debug: 填充脚本数据到 settings.json start, progress: 12%
2025-3-6 14:14:04-debug: run build task 填充脚本数据到 settings.json success in √, progress: 13%
2025-3-6 14:14:04-debug: [Build Memory track]: 填充脚本数据到 settings.json start:170.73MB, end 170.75MB, increase: 17.77KB
2025-3-6 14:14:04-debug: 整理部分构建选项内数据到 settings.json start, progress: 13%
2025-3-6 14:14:04-debug: // ---- build task 整理部分构建选项内数据到 settings.json ----
2025-3-6 14:14:04-debug: run build task 整理部分构建选项内数据到 settings.json success in 1 ms√, progress: 15%
2025-3-6 14:14:04-debug: [Build Memory track]: 整理部分构建选项内数据到 settings.json start:170.78MB, end 170.90MB, increase: 129.88KB
2025-3-6 14:14:04-debug: // ---- build task 整理部分构建选项内数据到 settings.json ---- (1ms)
2025-3-6 14:19:16-debug: refresh db internal success
2025-3-6 14:19:16-debug: refresh db assets success
2025-3-6 14:19:16-debug: Run asset db hook engine-extends:afterRefresh ...
2025-3-6 14:19:16-debug: Run asset db hook engine-extends:afterRefresh success!
2025-3-6 14:19:16-debug: asset-db:worker-effect-data-processing (2ms)
2025-3-6 14:19:16-debug: asset-db:refresh-all-database (155ms)
2025-3-6 14:19:16-debug: asset-db-hook-engine-extends-afterRefresh (2ms)
2025-3-6 14:19:56-debug: refresh db internal success
2025-3-6 14:19:56-debug: %cImport%c: G:\Cocos\KillGrass\PlayableMowGame\PlayableMowGame\assets\scripts\GameManager.tsbackground: #aaff85; color: #000;color: #000;
2025-3-6 14:19:56-debug: Run asset db hook engine-extends:afterRefresh success!
2025-3-6 14:19:56-debug: refresh db assets success
2025-3-6 14:19:56-debug: Run asset db hook engine-extends:afterRefresh ...
2025-3-6 14:19:56-debug: asset-db:refresh-all-database (65ms)
2025-3-6 14:19:56-debug: asset-db:worker-effect-data-processing (1ms)
2025-3-6 14:19:56-debug: asset-db-hook-engine-extends-afterRefresh (1ms)
2025-3-6 14:19:58-debug: Query all assets info in project
2025-3-6 14:19:58-debug: init custom config: keepNodeUuid: false, useCache: true
2025-3-6 14:19:58-debug: 查询 Asset Bundle start, progress: 0%
2025-3-6 14:19:58-debug: // ---- build task 查询 Asset Bundle ----
2025-3-6 14:19:58-debug: Query preload assets/scripts from cc.config.json: 60f7195c-ec2a-45eb-ba94-8955f60e81d0,1c02ae6f-4492-4915-b8f8-7492a3b1e4cd,810e96e4-e456-4468-9b59-f4e8f39732c0,efe8e2a3-eace-427b-b4f1-cb8a937ec77d,e9aa9a3e-5b2b-4ac7-a2c7-073de2b2b24f,8bbdbcdd-5cd4-4100-b6d5-b7c9625b6107,50f4348b-c883-4e2f-8f11-ce233b859fa1,fda095cb-831d-4601-ad94-846013963de8,f92806d7-1768-443f-afe8-12bcde84d0f0,dd3a144d-ab7f-41f0-82b8-2e43a090d496,f0416e68-0200-4b77-a926-4f9d16e494da,970b0598-bcb0-4714-91fb-2e81440dccd8,bcd64cc6-2dd9-43f6-abbe-66318d332032,d930590d-bb92-4cc8-8bd1-23cd027f9edf,a3cd009f-0ab0-420d-9278-b9fdab939bbc,6a2d0734-bd9e-4ddf-946e-caa52498cb75,c27215d8-6835-4b68-bfbb-bdeac6100c04,b5d6115f-0370-4d7c-aad3-c194cc71cf98,871c3b6c-7379-419d-bda3-794b239ab90d,ff9b0199-ce04-4cfe-86cc-6c719f08d6e4,de1c2107-70c8-4021-8459-6399f24d01c6,cbf30902-517f-40dc-af90-a550bac27cf1
2025-3-6 14:19:58-debug:   Number of all scenes: 1
2025-3-6 14:19:58-debug:   Number of all scripts: 11
2025-3-6 14:19:58-debug:   Number of other assets: 549
2025-3-6 14:19:58-debug: // ---- build task 查询 Asset Bundle ---- (4ms)
2025-3-6 14:19:58-debug: run build task 查询 Asset Bundle success in 4 ms√, progress: 5%
2025-3-6 14:19:58-debug: 查询 Asset Bundle start, progress: 5%
2025-3-6 14:19:58-debug: [Build Memory track]: 查询 Asset Bundle start:173.66MB, end 173.40MB, increase: -261.30KB
2025-3-6 14:19:58-debug: // ---- build task 查询 Asset Bundle ----
2025-3-6 14:19:58-debug: // ---- build task 查询 Asset Bundle ---- (2ms)
2025-3-6 14:19:58-debug: run build task 查询 Asset Bundle success in 2 ms√, progress: 10%
2025-3-6 14:19:58-debug: [Build Memory track]: 查询 Asset Bundle start:173.43MB, end 173.53MB, increase: 107.05KB
2025-3-6 14:19:58-debug: // ---- build task 整理部分构建选项内数据到 settings.json ----
2025-3-6 14:19:58-debug: 整理部分构建选项内数据到 settings.json start, progress: 10%
2025-3-6 14:19:58-debug: run build task 整理部分构建选项内数据到 settings.json success in √, progress: 12%
2025-3-6 14:19:58-debug: [Build Memory track]: 整理部分构建选项内数据到 settings.json start:173.57MB, end 173.58MB, increase: 17.78KB
2025-3-6 14:19:58-debug: 填充脚本数据到 settings.json start, progress: 12%
2025-3-6 14:19:58-debug: // ---- build task 填充脚本数据到 settings.json ----
2025-3-6 14:19:58-debug: run build task 填充脚本数据到 settings.json success in 1 ms√, progress: 13%
2025-3-6 14:19:58-debug: [Build Memory track]: 填充脚本数据到 settings.json start:173.61MB, end 173.64MB, increase: 27.26KB
2025-3-6 14:19:58-debug: 整理部分构建选项内数据到 settings.json start, progress: 13%
2025-3-6 14:19:58-debug: // ---- build task 填充脚本数据到 settings.json ---- (1ms)
2025-3-6 14:19:58-debug: // ---- build task 整理部分构建选项内数据到 settings.json ----
2025-3-6 14:19:58-debug: // ---- build task 整理部分构建选项内数据到 settings.json ---- (2ms)
2025-3-6 14:19:58-debug: run build task 整理部分构建选项内数据到 settings.json success in 2 ms√, progress: 15%
2025-3-6 14:19:58-debug: [Build Memory track]: 整理部分构建选项内数据到 settings.json start:173.67MB, end 173.79MB, increase: 127.91KB
